<?xml version="1.0" encoding="UTF-8" ?>
<testsuite tests="1" failures="0" name="rugal.sample.core.dao.impl.StudentDaoImplTest" time="4.609" errors="1" skipped="0">
  <properties>
[...]
</properties>
  <testcase classname="rugal.sample.core.dao.impl.StudentDaoImplTest" name="testFindById" time="4.609">
    <error message="Failed to load ApplicationContext" type="java.lang.IllegalStateException">java.lang.IllegalStateException: Failed to load ApplicationContext
	at org.springframework.test.context.CacheAwareContextLoaderDelegate.loadContext(CacheAwareContextLoaderDelegate.java:99)
	at org.springframework.test.context.DefaultTestContext.getApplicationContext(DefaultTestContext.java:101)
	at org.springframework.test.context.support.DependencyInjectionTestExecutionListener.injectDependencies(DependencyInjectionTestExecutionListener.java:109)
	at org.springframework.test.context.support.DependencyInjectionTestExecutionListener.prepareTestInstance(DependencyInjectionTestExecutionListener.java:75)
	at org.springframework.test.context.TestContextManager.prepareTestInstance(TestContextManager.java:324)
	at org.springframework.test.context.junit4.SpringJUnit4ClassRunner.createTest(SpringJUnit4ClassRunner.java:213)
	at org.springframework.test.context.junit4.SpringJUnit4ClassRunner$1.runReflectiveCall(SpringJUnit4ClassRunner.java:290)
	at org.junit.internal.runners.model.ReflectiveCallable.run(ReflectiveCallable.java:15)
	at org.springframework.test.context.junit4.SpringJUnit4ClassRunner.methodBlock(SpringJUnit4ClassRunner.java:292)
	at org.springframework.test.context.junit4.SpringJUnit4ClassRunner.runChild(SpringJUnit4ClassRunner.java:233)
	at org.springframework.test.context.junit4.SpringJUnit4ClassRunner.runChild(SpringJUnit4ClassRunner.java:87)
	at org.junit.runners.ParentRunner$3.run(ParentRunner.java:231)
	at org.junit.runners.ParentRunner$1.schedule(ParentRunner.java:60)
	at org.junit.runners.ParentRunner.runChildren(ParentRunner.java:229)
	at org.junit.runners.ParentRunner.access$000(ParentRunner.java:50)
	at org.junit.runners.ParentRunner$2.evaluate(ParentRunner.java:222)
	at org.springframework.test.context.junit4.statements.RunBeforeTestClassCallbacks.evaluate(RunBeforeTestClassCallbacks.java:61)
	at org.springframework.test.context.junit4.statements.RunAfterTestClassCallbacks.evaluate(RunAfterTestClassCallbacks.java:71)
	at org.junit.runners.ParentRunner.run(ParentRunner.java:300)
	at org.springframework.test.context.junit4.SpringJUnit4ClassRunner.run(SpringJUnit4ClassRunner.java:176)
	at org.apache.maven.surefire.junit4.JUnit4Provider.execute(JUnit4Provider.java:252)
	at org.apache.maven.surefire.junit4.JUnit4Provider.executeTestSet(JUnit4Provider.java:141)
	at org.apache.maven.surefire.junit4.JUnit4Provider.invoke(JUnit4Provider.java:112)
	at sun.reflect.NativeMethodAccessorImpl.invoke0(Native Method)
	at sun.reflect.NativeMethodAccessorImpl.invoke(NativeMethodAccessorImpl.java:62)
	at sun.reflect.DelegatingMethodAccessorImpl.invoke(DelegatingMethodAccessorImpl.java:43)
	at java.lang.reflect.Method.invoke(Method.java:498)
	at org.apache.maven.surefire.util.ReflectionUtils.invokeMethodWithArray(ReflectionUtils.java:189)
	at org.apache.maven.surefire.booter.ProviderFactory$ProviderProxy.invoke(ProviderFactory.java:165)
	at org.apache.maven.surefire.booter.ProviderFactory.invokeProvider(ProviderFactory.java:85)
	at org.apache.maven.surefire.booter.ForkedBooter.runSuitesInProcess(ForkedBooter.java:115)
	at org.apache.maven.surefire.booter.ForkedBooter.main(ForkedBooter.java:75)
Caused by: org.springframework.beans.factory.BeanCreationException: Error creating bean with name &apos;defaultServletHandlerMapping&apos; defined in class path resource [org/springframework/web/servlet/config/annotation/DelegatingWebMvcConfiguration.class]: Instantiation of bean failed; nested exception is org.springframework.beans.factory.BeanDefinitionStoreException: Factory method [public org.springframework.web.servlet.HandlerMapping org.springframework.web.servlet.config.annotation.WebMvcConfigurationSupport.defaultServletHandlerMapping()] threw exception; nested exception is java.lang.IllegalArgumentException: A ServletContext is required to configure default servlet handling
	at org.springframework.beans.factory.support.ConstructorResolver.instantiateUsingFactoryMethod(ConstructorResolver.java:597)
	at org.springframework.beans.factory.support.AbstractAutowireCapableBeanFactory.instantiateUsingFactoryMethod(AbstractAutowireCapableBeanFactory.java:1094)
	at org.springframework.beans.factory.support.AbstractAutowireCapableBeanFactory.createBeanInstance(AbstractAutowireCapableBeanFactory.java:989)
	at org.springframework.beans.factory.support.AbstractAutowireCapableBeanFactory.doCreateBean(AbstractAutowireCapableBeanFactory.java:504)
	at org.springframework.beans.factory.support.AbstractAutowireCapableBeanFactory.createBean(AbstractAutowireCapableBeanFactory.java:475)
	at org.springframework.beans.factory.support.AbstractBeanFactory$1.getObject(AbstractBeanFactory.java:304)
	at org.springframework.beans.factory.support.DefaultSingletonBeanRegistry.getSingleton(DefaultSingletonBeanRegistry.java:228)
	at org.springframework.beans.factory.support.AbstractBeanFactory.doGetBean(AbstractBeanFactory.java:300)
	at org.springframework.beans.factory.support.AbstractBeanFactory.getBean(AbstractBeanFactory.java:195)
	at org.springframework.beans.factory.support.DefaultListableBeanFactory.preInstantiateSingletons(DefaultListableBeanFactory.java:703)
	at org.springframework.context.support.AbstractApplicationContext.finishBeanFactoryInitialization(AbstractApplicationContext.java:760)
	at org.springframework.context.support.AbstractApplicationContext.refresh(AbstractApplicationContext.java:482)
	at org.springframework.test.context.support.AbstractGenericContextLoader.loadContext(AbstractGenericContextLoader.java:125)
	at org.springframework.test.context.support.AbstractGenericContextLoader.loadContext(AbstractGenericContextLoader.java:60)
	at org.springframework.test.context.support.AbstractDelegatingSmartContextLoader.delegateLoading(AbstractDelegatingSmartContextLoader.java:100)
	at org.springframework.test.context.support.AbstractDelegatingSmartContextLoader.loadContext(AbstractDelegatingSmartContextLoader.java:250)
	at org.springframework.test.context.CacheAwareContextLoaderDelegate.loadContextInternal(CacheAwareContextLoaderDelegate.java:64)
	at org.springframework.test.context.CacheAwareContextLoaderDelegate.loadContext(CacheAwareContextLoaderDelegate.java:91)
	... 31 more
Caused by: org.springframework.beans.factory.BeanDefinitionStoreException: Factory method [public org.springframework.web.servlet.HandlerMapping org.springframework.web.servlet.config.annotation.WebMvcConfigurationSupport.defaultServletHandlerMapping()] threw exception; nested exception is java.lang.IllegalArgumentException: A ServletContext is required to configure default servlet handling
	at org.springframework.beans.factory.support.SimpleInstantiationStrategy.instantiate(SimpleInstantiationStrategy.java:188)
	at org.springframework.beans.factory.support.ConstructorResolver.instantiateUsingFactoryMethod(ConstructorResolver.java:586)
	... 48 more
Caused by: java.lang.IllegalArgumentException: A ServletContext is required to configure default servlet handling
	at org.springframework.util.Assert.notNull(Assert.java:112)
	at org.springframework.web.servlet.config.annotation.DefaultServletHandlerConfigurer.&lt;init&gt;(DefaultServletHandlerConfigurer.java:54)
	at org.springframework.web.servlet.config.annotation.WebMvcConfigurationSupport.defaultServletHandlerMapping(WebMvcConfigurationSupport.java:346)
	at org.springframework.web.servlet.config.annotation.DelegatingWebMvcConfiguration$$EnhancerBySpringCGLIB$$905b7dea.CGLIB$defaultServletHandlerMapping$21(&lt;generated&gt;)
	at org.springframework.web.servlet.config.annotation.DelegatingWebMvcConfiguration$$EnhancerBySpringCGLIB$$905b7dea$$FastClassBySpringCGLIB$$12aa9435.invoke(&lt;generated&gt;)
	at org.springframework.cglib.proxy.MethodProxy.invokeSuper(MethodProxy.java:228)
	at org.springframework.context.annotation.ConfigurationClassEnhancer$BeanMethodInterceptor.intercept(ConfigurationClassEnhancer.java:312)
	at org.springframework.web.servlet.config.annotation.DelegatingWebMvcConfiguration$$EnhancerBySpringCGLIB$$905b7dea.defaultServletHandlerMapping(&lt;generated&gt;)
	at sun.reflect.NativeMethodAccessorImpl.invoke0(Native Method)
	at sun.reflect.NativeMethodAccessorImpl.invoke(NativeMethodAccessorImpl.java:62)
	at sun.reflect.DelegatingMethodAccessorImpl.invoke(DelegatingMethodAccessorImpl.java:43)
	at java.lang.reflect.Method.invoke(Method.java:498)
	at org.springframework.beans.factory.support.SimpleInstantiationStrategy.instantiate(SimpleInstantiationStrategy.java:166)
	... 49 more
</error>
    <system-out>09:44:38,416 [ INFO] GenericApplicationContext:513 - Refreshing org.springframework.context.support.GenericApplicationContext@4ed38226: startup date [Sat Aug 14 09:44:38 IST 2021]; root of context hierarchy
09:44:38,586 [DEBUG] BasicTypeRegistry:146 - Adding type registration boolean -&gt; org.hibernate.type.BooleanType@5149d738
09:44:38,586 [DEBUG] BasicTypeRegistry:146 - Adding type registration boolean -&gt; org.hibernate.type.BooleanType@5149d738
09:44:38,586 [DEBUG] BasicTypeRegistry:146 - Adding type registration java.lang.Boolean -&gt; org.hibernate.type.BooleanType@5149d738
09:44:38,586 [DEBUG] BasicTypeRegistry:146 - Adding type registration numeric_boolean -&gt; org.hibernate.type.NumericBooleanType@4b013c76
09:44:38,586 [DEBUG] BasicTypeRegistry:146 - Adding type registration true_false -&gt; org.hibernate.type.TrueFalseType@75437611
09:44:38,586 [DEBUG] BasicTypeRegistry:146 - Adding type registration yes_no -&gt; org.hibernate.type.YesNoType@17f9d882
09:44:38,586 [DEBUG] BasicTypeRegistry:146 - Adding type registration byte -&gt; org.hibernate.type.ByteType@4b29d1d2
09:44:38,586 [DEBUG] BasicTypeRegistry:146 - Adding type registration byte -&gt; org.hibernate.type.ByteType@4b29d1d2
09:44:38,586 [DEBUG] BasicTypeRegistry:146 - Adding type registration java.lang.Byte -&gt; org.hibernate.type.ByteType@4b29d1d2
09:44:38,586 [DEBUG] BasicTypeRegistry:146 - Adding type registration character -&gt; org.hibernate.type.CharacterType@35dab4eb
09:44:38,586 [DEBUG] BasicTypeRegistry:146 - Adding type registration char -&gt; org.hibernate.type.CharacterType@35dab4eb
09:44:38,586 [DEBUG] BasicTypeRegistry:146 - Adding type registration java.lang.Character -&gt; org.hibernate.type.CharacterType@35dab4eb
09:44:38,586 [DEBUG] BasicTypeRegistry:146 - Adding type registration short -&gt; org.hibernate.type.ShortType@72035809
09:44:38,586 [DEBUG] BasicTypeRegistry:146 - Adding type registration short -&gt; org.hibernate.type.ShortType@72035809
09:44:38,586 [DEBUG] BasicTypeRegistry:146 - Adding type registration java.lang.Short -&gt; org.hibernate.type.ShortType@72035809
09:44:38,586 [DEBUG] BasicTypeRegistry:146 - Adding type registration integer -&gt; org.hibernate.type.IntegerType@2cb4893b
09:44:38,586 [DEBUG] BasicTypeRegistry:146 - Adding type registration int -&gt; org.hibernate.type.IntegerType@2cb4893b
09:44:38,586 [DEBUG] BasicTypeRegistry:146 - Adding type registration java.lang.Integer -&gt; org.hibernate.type.IntegerType@2cb4893b
09:44:38,586 [DEBUG] BasicTypeRegistry:146 - Adding type registration long -&gt; org.hibernate.type.LongType@273444fe
09:44:38,586 [DEBUG] BasicTypeRegistry:146 - Adding type registration long -&gt; org.hibernate.type.LongType@273444fe
09:44:38,586 [DEBUG] BasicTypeRegistry:146 - Adding type registration java.lang.Long -&gt; org.hibernate.type.LongType@273444fe
09:44:38,586 [DEBUG] BasicTypeRegistry:146 - Adding type registration float -&gt; org.hibernate.type.FloatType@402c4085
09:44:38,586 [DEBUG] BasicTypeRegistry:146 - Adding type registration float -&gt; org.hibernate.type.FloatType@402c4085
09:44:38,586 [DEBUG] BasicTypeRegistry:146 - Adding type registration java.lang.Float -&gt; org.hibernate.type.FloatType@402c4085
09:44:38,586 [DEBUG] BasicTypeRegistry:146 - Adding type registration double -&gt; org.hibernate.type.DoubleType@1caa0244
09:44:38,586 [DEBUG] BasicTypeRegistry:146 - Adding type registration double -&gt; org.hibernate.type.DoubleType@1caa0244
09:44:38,586 [DEBUG] BasicTypeRegistry:146 - Adding type registration java.lang.Double -&gt; org.hibernate.type.DoubleType@1caa0244
09:44:38,586 [DEBUG] BasicTypeRegistry:146 - Adding type registration big_decimal -&gt; org.hibernate.type.BigDecimalType@6440112d
09:44:38,586 [DEBUG] BasicTypeRegistry:146 - Adding type registration java.math.BigDecimal -&gt; org.hibernate.type.BigDecimalType@6440112d
09:44:38,586 [DEBUG] BasicTypeRegistry:146 - Adding type registration big_integer -&gt; org.hibernate.type.BigIntegerType@221a3fa4
09:44:38,586 [DEBUG] BasicTypeRegistry:146 - Adding type registration java.math.BigInteger -&gt; org.hibernate.type.BigIntegerType@221a3fa4
09:44:38,586 [DEBUG] BasicTypeRegistry:146 - Adding type registration string -&gt; org.hibernate.type.StringType@8462f31
09:44:38,586 [DEBUG] BasicTypeRegistry:146 - Adding type registration java.lang.String -&gt; org.hibernate.type.StringType@8462f31
09:44:38,586 [DEBUG] BasicTypeRegistry:146 - Adding type registration nstring -&gt; org.hibernate.type.StringNVarcharType@59402b8f
09:44:38,586 [DEBUG] BasicTypeRegistry:146 - Adding type registration ncharacter -&gt; org.hibernate.type.CharacterNCharType@1033576a
09:44:38,586 [DEBUG] BasicTypeRegistry:146 - Adding type registration url -&gt; org.hibernate.type.UrlType@17fc391b
09:44:38,586 [DEBUG] BasicTypeRegistry:146 - Adding type registration java.net.URL -&gt; org.hibernate.type.UrlType@17fc391b
09:44:38,586 [DEBUG] BasicTypeRegistry:146 - Adding type registration date -&gt; org.hibernate.type.DateType@514646ef
09:44:38,586 [DEBUG] BasicTypeRegistry:146 - Adding type registration java.sql.Date -&gt; org.hibernate.type.DateType@514646ef
09:44:38,586 [DEBUG] BasicTypeRegistry:146 - Adding type registration time -&gt; org.hibernate.type.TimeType@6f10d5b6
09:44:38,601 [DEBUG] BasicTypeRegistry:146 - Adding type registration java.sql.Time -&gt; org.hibernate.type.TimeType@6f10d5b6
09:44:38,601 [DEBUG] BasicTypeRegistry:146 - Adding type registration timestamp -&gt; org.hibernate.type.TimestampType@533bda92
09:44:38,601 [DEBUG] BasicTypeRegistry:146 - Adding type registration java.sql.Timestamp -&gt; org.hibernate.type.TimestampType@533bda92
09:44:38,601 [DEBUG] BasicTypeRegistry:146 - Adding type registration java.util.Date -&gt; org.hibernate.type.TimestampType@533bda92
09:44:38,601 [DEBUG] BasicTypeRegistry:146 - Adding type registration dbtimestamp -&gt; org.hibernate.type.DbTimestampType@25be7b63
09:44:38,601 [DEBUG] BasicTypeRegistry:146 - Adding type registration calendar -&gt; org.hibernate.type.CalendarType@4a8355dd
09:44:38,601 [DEBUG] BasicTypeRegistry:146 - Adding type registration java.util.Calendar -&gt; org.hibernate.type.CalendarType@4a8355dd
09:44:38,601 [DEBUG] BasicTypeRegistry:146 - Adding type registration java.util.GregorianCalendar -&gt; org.hibernate.type.CalendarType@4a8355dd
09:44:38,601 [DEBUG] BasicTypeRegistry:146 - Adding type registration calendar_date -&gt; org.hibernate.type.CalendarDateType@312aa7c
09:44:38,601 [DEBUG] BasicTypeRegistry:146 - Adding type registration locale -&gt; org.hibernate.type.LocaleType@5a59ca5e
09:44:38,601 [DEBUG] BasicTypeRegistry:146 - Adding type registration java.util.Locale -&gt; org.hibernate.type.LocaleType@5a59ca5e
09:44:38,601 [DEBUG] BasicTypeRegistry:146 - Adding type registration currency -&gt; org.hibernate.type.CurrencyType@6b695b06
09:44:38,601 [DEBUG] BasicTypeRegistry:146 - Adding type registration java.util.Currency -&gt; org.hibernate.type.CurrencyType@6b695b06
09:44:38,601 [DEBUG] BasicTypeRegistry:146 - Adding type registration timezone -&gt; org.hibernate.type.TimeZoneType@6f01b95f
09:44:38,601 [DEBUG] BasicTypeRegistry:146 - Adding type registration java.util.TimeZone -&gt; org.hibernate.type.TimeZoneType@6f01b95f
09:44:38,601 [DEBUG] BasicTypeRegistry:146 - Adding type registration class -&gt; org.hibernate.type.ClassType@7a5ceedd
09:44:38,601 [DEBUG] BasicTypeRegistry:146 - Adding type registration java.lang.Class -&gt; org.hibernate.type.ClassType@7a5ceedd
09:44:38,601 [DEBUG] BasicTypeRegistry:146 - Adding type registration uuid-binary -&gt; org.hibernate.type.UUIDBinaryType@740fb309
09:44:38,601 [DEBUG] BasicTypeRegistry:146 - Adding type registration java.util.UUID -&gt; org.hibernate.type.UUIDBinaryType@740fb309
09:44:38,601 [DEBUG] BasicTypeRegistry:146 - Adding type registration uuid-char -&gt; org.hibernate.type.UUIDCharType@239a307b
09:44:38,601 [DEBUG] BasicTypeRegistry:146 - Adding type registration pg-uuid -&gt; org.hibernate.type.PostgresUUIDType@5745ca0e
09:44:38,601 [DEBUG] BasicTypeRegistry:146 - Adding type registration binary -&gt; org.hibernate.type.BinaryType@15a34df2
09:44:38,601 [DEBUG] BasicTypeRegistry:146 - Adding type registration byte[] -&gt; org.hibernate.type.BinaryType@15a34df2
09:44:38,601 [DEBUG] BasicTypeRegistry:146 - Adding type registration [B -&gt; org.hibernate.type.BinaryType@15a34df2
09:44:38,601 [DEBUG] BasicTypeRegistry:146 - Adding type registration wrapper-binary -&gt; org.hibernate.type.WrapperBinaryType@1807e3f6
09:44:38,601 [DEBUG] BasicTypeRegistry:146 - Adding type registration Byte[] -&gt; org.hibernate.type.WrapperBinaryType@1807e3f6
09:44:38,601 [DEBUG] BasicTypeRegistry:146 - Adding type registration [Ljava.lang.Byte; -&gt; org.hibernate.type.WrapperBinaryType@1807e3f6
09:44:38,601 [DEBUG] BasicTypeRegistry:146 - Adding type registration image -&gt; org.hibernate.type.ImageType@72c8e7b
09:44:38,601 [DEBUG] BasicTypeRegistry:146 - Adding type registration characters -&gt; org.hibernate.type.CharArrayType@790da477
09:44:38,601 [DEBUG] BasicTypeRegistry:146 - Adding type registration char[] -&gt; org.hibernate.type.CharArrayType@790da477
09:44:38,601 [DEBUG] BasicTypeRegistry:146 - Adding type registration [C -&gt; org.hibernate.type.CharArrayType@790da477
09:44:38,601 [DEBUG] BasicTypeRegistry:146 - Adding type registration wrapper-characters -&gt; org.hibernate.type.CharacterArrayType@68c9d179
09:44:38,601 [DEBUG] BasicTypeRegistry:146 - Adding type registration [Ljava.lang.Character; -&gt; org.hibernate.type.CharacterArrayType@68c9d179
09:44:38,617 [DEBUG] BasicTypeRegistry:146 - Adding type registration Character[] -&gt; org.hibernate.type.CharacterArrayType@68c9d179
09:44:38,617 [DEBUG] BasicTypeRegistry:146 - Adding type registration text -&gt; org.hibernate.type.TextType@14fc5f04
09:44:38,617 [DEBUG] BasicTypeRegistry:146 - Adding type registration ntext -&gt; org.hibernate.type.NTextType@333d4a8c
09:44:38,617 [DEBUG] BasicTypeRegistry:146 - Adding type registration blob -&gt; org.hibernate.type.BlobType@34bde49d
09:44:38,617 [DEBUG] BasicTypeRegistry:146 - Adding type registration java.sql.Blob -&gt; org.hibernate.type.BlobType@34bde49d
09:44:38,617 [DEBUG] BasicTypeRegistry:146 - Adding type registration materialized_blob -&gt; org.hibernate.type.MaterializedBlobType@6f43c82
09:44:38,617 [DEBUG] BasicTypeRegistry:146 - Adding type registration clob -&gt; org.hibernate.type.ClobType@71687585
09:44:38,617 [DEBUG] BasicTypeRegistry:146 - Adding type registration java.sql.Clob -&gt; org.hibernate.type.ClobType@71687585
09:44:38,617 [DEBUG] BasicTypeRegistry:146 - Adding type registration nclob -&gt; org.hibernate.type.NClobType@5dafbe45
09:44:38,617 [DEBUG] BasicTypeRegistry:146 - Adding type registration java.sql.NClob -&gt; org.hibernate.type.NClobType@5dafbe45
09:44:38,617 [DEBUG] BasicTypeRegistry:146 - Adding type registration materialized_clob -&gt; org.hibernate.type.MaterializedClobType@2f953efd
09:44:38,617 [DEBUG] BasicTypeRegistry:146 - Adding type registration materialized_nclob -&gt; org.hibernate.type.MaterializedNClobType@14bdbc74
09:44:38,617 [DEBUG] BasicTypeRegistry:146 - Adding type registration serializable -&gt; org.hibernate.type.SerializableType@1b66c0fb
09:44:38,617 [DEBUG] BasicTypeRegistry:146 - Adding type registration object -&gt; org.hibernate.type.ObjectType@5d908d47
09:44:38,617 [DEBUG] BasicTypeRegistry:146 - Adding type registration java.lang.Object -&gt; org.hibernate.type.ObjectType@5d908d47
09:44:38,617 [DEBUG] BasicTypeRegistry:146 - Adding type registration imm_date -&gt; org.hibernate.type.AdaptedImmutableType@5177e388
09:44:38,617 [DEBUG] BasicTypeRegistry:146 - Adding type registration imm_time -&gt; org.hibernate.type.AdaptedImmutableType@37b72ea
09:44:38,617 [DEBUG] BasicTypeRegistry:146 - Adding type registration imm_timestamp -&gt; org.hibernate.type.AdaptedImmutableType@cc239ba
09:44:38,617 [DEBUG] BasicTypeRegistry:146 - Adding type registration imm_dbtimestamp -&gt; org.hibernate.type.AdaptedImmutableType@7d37f1c
09:44:38,617 [DEBUG] BasicTypeRegistry:146 - Adding type registration imm_calendar -&gt; org.hibernate.type.AdaptedImmutableType@69d6a7cd
09:44:38,617 [DEBUG] BasicTypeRegistry:146 - Adding type registration imm_calendar_date -&gt; org.hibernate.type.AdaptedImmutableType@3162743f
09:44:38,617 [DEBUG] BasicTypeRegistry:146 - Adding type registration imm_binary -&gt; org.hibernate.type.AdaptedImmutableType@2c708440
09:44:38,617 [DEBUG] BasicTypeRegistry:146 - Adding type registration imm_serializable -&gt; org.hibernate.type.AdaptedImmutableType@3047254d
09:44:38,617 [DEBUG] DefaultIdentifierGeneratorFactory:93 - Registering IdentifierGenerator strategy [uuid2] -&gt; [org.hibernate.id.UUIDGenerator]
09:44:38,617 [DEBUG] DefaultIdentifierGeneratorFactory:93 - Registering IdentifierGenerator strategy [guid] -&gt; [org.hibernate.id.GUIDGenerator]
09:44:38,617 [DEBUG] DefaultIdentifierGeneratorFactory:93 - Registering IdentifierGenerator strategy [uuid] -&gt; [org.hibernate.id.UUIDHexGenerator]
09:44:38,617 [DEBUG] DefaultIdentifierGeneratorFactory:93 - Registering IdentifierGenerator strategy [uuid.hex] -&gt; [org.hibernate.id.UUIDHexGenerator]
09:44:38,617 [DEBUG] DefaultIdentifierGeneratorFactory:93 - Registering IdentifierGenerator strategy [hilo] -&gt; [org.hibernate.id.TableHiLoGenerator]
09:44:38,617 [DEBUG] DefaultIdentifierGeneratorFactory:93 - Registering IdentifierGenerator strategy [assigned] -&gt; [org.hibernate.id.Assigned]
09:44:38,617 [DEBUG] DefaultIdentifierGeneratorFactory:93 - Registering IdentifierGenerator strategy [identity] -&gt; [org.hibernate.id.IdentityGenerator]
09:44:38,617 [DEBUG] DefaultIdentifierGeneratorFactory:93 - Registering IdentifierGenerator strategy [select] -&gt; [org.hibernate.id.SelectGenerator]
09:44:38,617 [DEBUG] DefaultIdentifierGeneratorFactory:93 - Registering IdentifierGenerator strategy [sequence] -&gt; [org.hibernate.id.SequenceGenerator]
09:44:38,617 [DEBUG] DefaultIdentifierGeneratorFactory:93 - Registering IdentifierGenerator strategy [seqhilo] -&gt; [org.hibernate.id.SequenceHiLoGenerator]
09:44:38,617 [DEBUG] DefaultIdentifierGeneratorFactory:93 - Registering IdentifierGenerator strategy [increment] -&gt; [org.hibernate.id.IncrementGenerator]
09:44:38,617 [DEBUG] DefaultIdentifierGeneratorFactory:93 - Registering IdentifierGenerator strategy [foreign] -&gt; [org.hibernate.id.ForeignGenerator]
09:44:38,617 [DEBUG] DefaultIdentifierGeneratorFactory:93 - Registering IdentifierGenerator strategy [sequence-identity] -&gt; [org.hibernate.id.SequenceIdentityGenerator]
09:44:38,617 [DEBUG] DefaultIdentifierGeneratorFactory:93 - Registering IdentifierGenerator strategy [enhanced-sequence] -&gt; [org.hibernate.id.enhanced.SequenceStyleGenerator]
09:44:38,617 [DEBUG] DefaultIdentifierGeneratorFactory:93 - Registering IdentifierGenerator strategy [enhanced-table] -&gt; [org.hibernate.id.enhanced.TableGenerator]
09:44:38,617 [DEBUG] IntegratorServiceImpl:63 - Adding Integrator [org.hibernate.cfg.beanvalidation.BeanValidationIntegrator].
09:44:38,617 [DEBUG] IntegratorServiceImpl:63 - Adding Integrator [org.hibernate.secure.spi.JaccIntegrator].
09:44:38,617 [DEBUG] IntegratorServiceImpl:63 - Adding Integrator [org.hibernate.cache.internal.CollectionCacheInvalidator].
09:44:38,617 [DEBUG] StrategySelectorImpl:79 - Registering named strategy selector [org.hibernate.dialect.Dialect] : [MySQL5] -&gt; [org.hibernate.dialect.MySQL5Dialect] (replacing [org.hibernate.dialect.MySQL5Dialect])
09:44:38,633 [DEBUG] StrategySelectorImpl:79 - Registering named strategy selector [org.hibernate.dialect.Dialect] : [MySQL5InnoDB] -&gt; [org.hibernate.dialect.MySQL5InnoDBDialect] (replacing [org.hibernate.dialect.MySQL5InnoDBDialect])
09:44:38,633 [DEBUG] ServiceBinding:85 - Overriding existing service binding [org.hibernate.secure.spi.JaccService]
09:44:38,633 [DEBUG] Configuration:1841 - Preparing to build session factory with filters : {}
09:44:40,680 [ WARN] JdbcServicesImpl:204 - HHH000342: Could not obtain connection to query metadata : Unable to open a test connection to the given database. JDBC url = jdbc:postgresql://127.0.0.1:5432/postgres, username = postgres. Terminating connection pool (set lazyInit to true if you expect to start your database after your app). Original Exception: ------
org.postgresql.util.PSQLException: Connection refused. Check that the hostname and port are correct and that the postmaster is accepting TCP/IP connections.
	at org.postgresql.core.v3.ConnectionFactoryImpl.openConnectionImpl(ConnectionFactoryImpl.java:136)
	at org.postgresql.core.ConnectionFactory.openConnection(ConnectionFactory.java:66)
	at org.postgresql.jdbc2.AbstractJdbc2Connection.&lt;init&gt;(AbstractJdbc2Connection.java:125)
	at org.postgresql.jdbc3.AbstractJdbc3Connection.&lt;init&gt;(AbstractJdbc3Connection.java:30)
	at org.postgresql.jdbc3g.AbstractJdbc3gConnection.&lt;init&gt;(AbstractJdbc3gConnection.java:22)
	at org.postgresql.jdbc4.AbstractJdbc4Connection.&lt;init&gt;(AbstractJdbc4Connection.java:30)
	at org.postgresql.jdbc4.Jdbc4Connection.&lt;init&gt;(Jdbc4Connection.java:24)
	at org.postgresql.Driver.makeConnection(Driver.java:393)
	at org.postgresql.Driver.connect(Driver.java:267)
	at java.sql.DriverManager.getConnection(DriverManager.java:664)
	at java.sql.DriverManager.getConnection(DriverManager.java:247)
	at com.jolbox.bonecp.BoneCP.obtainRawInternalConnection(BoneCP.java:363)
	at com.jolbox.bonecp.BoneCP.&lt;init&gt;(BoneCP.java:416)
	at com.jolbox.bonecp.BoneCPDataSource.getConnection(BoneCPDataSource.java:120)
	at org.hibernate.engine.jdbc.connections.internal.DatasourceConnectionProviderImpl.getConnection(DatasourceConnectionProviderImpl.java:139)
	at org.hibernate.engine.jdbc.internal.JdbcServicesImpl$ConnectionProviderJdbcConnectionAccess.obtainConnection(JdbcServicesImpl.java:279)
	at org.hibernate.engine.jdbc.internal.JdbcServicesImpl.configure(JdbcServicesImpl.java:124)
	at org.hibernate.boot.registry.internal.StandardServiceRegistryImpl.configureService(StandardServiceRegistryImpl.java:111)
	at org.hibernate.service.internal.AbstractServiceRegistryImpl.initializeService(AbstractServiceRegistryImpl.java:234)
	at org.hibernate.service.internal.AbstractServiceRegistryImpl.getService(AbstractServiceRegistryImpl.java:206)
	at org.hibernate.cfg.Configuration.buildTypeRegistrations(Configuration.java:1885)
	at org.hibernate.cfg.Configuration.buildSessionFactory(Configuration.java:1843)
	at org.hibernate.cfg.Configuration.buildSessionFactory(Configuration.java:1928)
	at org.springframework.orm.hibernate4.LocalSessionFactoryBuilder.buildSessionFactory(LocalSessionFactoryBuilder.java:343)
	at org.springframework.orm.hibernate4.LocalSessionFactoryBean.buildSessionFactory(LocalSessionFactoryBean.java:431)
	at org.springframework.orm.hibernate4.LocalSessionFactoryBean.afterPropertiesSet(LocalSessionFactoryBean.java:416)
	at org.springframework.beans.factory.support.AbstractAutowireCapableBeanFactory.invokeInitMethods(AbstractAutowireCapableBeanFactory.java:1612)
	at org.springframework.beans.factory.support.AbstractAutowireCapableBeanFactory.initializeBean(AbstractAutowireCapableBeanFactory.java:1549)
	at org.springframework.beans.factory.support.AbstractAutowireCapableBeanFactory.doCreateBean(AbstractAutowireCapableBeanFactory.java:539)
	at org.springframework.beans.factory.support.AbstractAutowireCapableBeanFactory.createBean(AbstractAutowireCapableBeanFactory.java:475)
	at org.springframework.beans.factory.support.AbstractBeanFactory$1.getObject(AbstractBeanFactory.java:304)
	at org.springframework.beans.factory.support.DefaultSingletonBeanRegistry.getSingleton(DefaultSingletonBeanRegistry.java:228)
	at org.springframework.beans.factory.support.AbstractBeanFactory.doGetBean(AbstractBeanFactory.java:300)
	at org.springframework.beans.factory.support.AbstractBeanFactory.getBean(AbstractBeanFactory.java:200)
	at org.springframework.context.annotation.CommonAnnotationBeanPostProcessor.autowireResource(CommonAnnotationBeanPostProcessor.java:446)
	at org.springframework.context.annotation.CommonAnnotationBeanPostProcessor.getResource(CommonAnnotationBeanPostProcessor.java:420)
	at org.springframework.context.annotation.CommonAnnotationBeanPostProcessor$ResourceElement.getResourceToInject(CommonAnnotationBeanPostProcessor.java:545)
	at org.springframework.beans.factory.annotation.InjectionMetadata$InjectedElement.inject(InjectionMetadata.java:164)
	at org.springframework.beans.factory.annotation.InjectionMetadata.inject(InjectionMetadata.java:87)
	at org.springframework.context.annotation.CommonAnnotationBeanPostProcessor.postProcessPropertyValues(CommonAnnotationBeanPostProcessor.java:305)
	at org.springframework.beans.factory.support.AbstractAutowireCapableBeanFactory.populateBean(AbstractAutowireCapableBeanFactory.java:1185)
	at org.springframework.beans.factory.support.AbstractAutowireCapableBeanFactory.doCreateBean(AbstractAutowireCapableBeanFactory.java:537)
	at org.springframework.beans.factory.support.AbstractAutowireCapableBeanFactory.createBean(AbstractAutowireCapableBeanFactory.java:475)
	at org.springframework.beans.factory.support.AbstractBeanFactory$1.getObject(AbstractBeanFactory.java:304)
	at org.springframework.beans.factory.support.DefaultSingletonBeanRegistry.getSingleton(DefaultSingletonBeanRegistry.java:228)
	at org.springframework.beans.factory.support.AbstractBeanFactory.doGetBean(AbstractBeanFactory.java:300)
	at org.springframework.beans.factory.support.AbstractBeanFactory.getBean(AbstractBeanFactory.java:195)
	at org.springframework.beans.factory.support.DefaultListableBeanFactory.findAutowireCandidates(DefaultListableBeanFactory.java:1017)
	at org.springframework.beans.factory.support.DefaultListableBeanFactory.doResolveDependency(DefaultListableBeanFactory.java:960)
	at org.springframework.beans.factory.support.DefaultListableBeanFactory.resolveDependency(DefaultListableBeanFactory.java:858)
	at org.springframework.beans.factory.annotation.AutowiredAnnotationBeanPostProcessor$AutowiredFieldElement.inject(AutowiredAnnotationBeanPostProcessor.java:480)
	at org.springframework.beans.factory.annotation.InjectionMetadata.inject(InjectionMetadata.java:87)
	at org.springframework.beans.factory.annotation.AutowiredAnnotationBeanPostProcessor.postProcessPropertyValues(AutowiredAnnotationBeanPostProcessor.java:289)
	at org.springframework.beans.factory.support.AbstractAutowireCapableBeanFactory.populateBean(AbstractAutowireCapableBeanFactory.java:1185)
	at org.springframework.beans.factory.support.AbstractAutowireCapableBeanFactory.doCreateBean(AbstractAutowireCapableBeanFactory.java:537)
	at org.springframework.beans.factory.support.AbstractAutowireCapableBeanFactory.createBean(AbstractAutowireCapableBeanFactory.java:475)
	at org.springframework.beans.factory.support.AbstractBeanFactory$1.getObject(AbstractBeanFactory.java:304)
	at org.springframework.beans.factory.support.DefaultSingletonBeanRegistry.getSingleton(DefaultSingletonBeanRegistry.java:228)
	at org.springframework.beans.factory.support.AbstractBeanFactory.doGetBean(AbstractBeanFactory.java:300)
	at org.springframework.beans.factory.support.AbstractBeanFactory.getBean(AbstractBeanFactory.java:195)
	at org.springframework.beans.factory.support.DefaultListableBeanFactory.findAutowireCandidates(DefaultListableBeanFactory.java:1017)
	at org.springframework.beans.factory.support.DefaultListableBeanFactory.doResolveDependency(DefaultListableBeanFactory.java:960)
	at org.springframework.beans.factory.support.DefaultListableBeanFactory.resolveDependency(DefaultListableBeanFactory.java:858)
	at org.springframework.beans.factory.annotation.AutowiredAnnotationBeanPostProcessor$AutowiredFieldElement.inject(AutowiredAnnotationBeanPostProcessor.java:480)
	at org.springframework.beans.factory.annotation.InjectionMetadata.inject(InjectionMetadata.java:87)
	at org.springframework.beans.factory.annotation.AutowiredAnnotationBeanPostProcessor.postProcessPropertyValues(AutowiredAnnotationBeanPostProcessor.java:289)
	at org.springframework.beans.factory.support.AbstractAutowireCapableBeanFactory.populateBean(AbstractAutowireCapableBeanFactory.java:1185)
	at org.springframework.beans.factory.support.AbstractAutowireCapableBeanFactory.doCreateBean(AbstractAutowireCapableBeanFactory.java:537)
	at org.springframework.beans.factory.support.AbstractAutowireCapableBeanFactory.createBean(AbstractAutowireCapableBeanFactory.java:475)
	at org.springframework.beans.factory.support.AbstractBeanFactory$1.getObject(AbstractBeanFactory.java:304)
	at org.springframework.beans.factory.support.DefaultSingletonBeanRegistry.getSingleton(DefaultSingletonBeanRegistry.java:228)
	at org.springframework.beans.factory.support.AbstractBeanFactory.doGetBean(AbstractBeanFactory.java:300)
	at org.springframework.beans.factory.support.AbstractBeanFactory.getBean(AbstractBeanFactory.java:195)
	at org.springframework.beans.factory.support.DefaultListableBeanFactory.preInstantiateSingletons(DefaultListableBeanFactory.java:703)
	at org.springframework.context.support.AbstractApplicationContext.finishBeanFactoryInitialization(AbstractApplicationContext.java:760)
	at org.springframework.context.support.AbstractApplicationContext.refresh(AbstractApplicationContext.java:482)
	at org.springframework.test.context.support.AbstractGenericContextLoader.loadContext(AbstractGenericContextLoader.java:125)
	at org.springframework.test.context.support.AbstractGenericContextLoader.loadContext(AbstractGenericContextLoader.java:60)
	at org.springframework.test.context.support.AbstractDelegatingSmartContextLoader.delegateLoading(AbstractDelegatingSmartContextLoader.java:100)
	at org.springframework.test.context.support.AbstractDelegatingSmartContextLoader.loadContext(AbstractDelegatingSmartContextLoader.java:250)
	at org.springframework.test.context.CacheAwareContextLoaderDelegate.loadContextInternal(CacheAwareContextLoaderDelegate.java:64)
	at org.springframework.test.context.CacheAwareContextLoaderDelegate.loadContext(CacheAwareContextLoaderDelegate.java:91)
	at org.springframework.test.context.DefaultTestContext.getApplicationContext(DefaultTestContext.java:101)
	at org.springframework.test.context.support.DependencyInjectionTestExecutionListener.injectDependencies(DependencyInjectionTestExecutionListener.java:109)
	at org.springframework.test.context.support.DependencyInjectionTestExecutionListener.prepareTestInstance(DependencyInjectionTestExecutionListener.java:75)
	at org.springframework.test.context.TestContextManager.prepareTestInstance(TestContextManager.java:324)
	at org.springframework.test.context.junit4.SpringJUnit4ClassRunner.createTest(SpringJUnit4ClassRunner.java:213)
	at org.springframework.test.context.junit4.SpringJUnit4ClassRunner$1.runReflectiveCall(SpringJUnit4ClassRunner.java:290)
	at org.junit.internal.runners.model.ReflectiveCallable.run(ReflectiveCallable.java:15)
	at org.springframework.test.context.junit4.SpringJUnit4ClassRunner.methodBlock(SpringJUnit4ClassRunner.java:292)
	at org.springframework.test.context.junit4.SpringJUnit4ClassRunner.runChild(SpringJUnit4ClassRunner.java:233)
	at org.springframework.test.context.junit4.SpringJUnit4ClassRunner.runChild(SpringJUnit4ClassRunner.java:87)
	at org.junit.runners.ParentRunner$3.run(ParentRunner.java:231)
	at org.junit.runners.ParentRunner$1.schedule(ParentRunner.java:60)
	at org.junit.runners.ParentRunner.runChildren(ParentRunner.java:229)
	at org.junit.runners.ParentRunner.access$000(ParentRunner.java:50)
	at org.junit.runners.ParentRunner$2.evaluate(ParentRunner.java:222)
	at org.springframework.test.context.junit4.statements.RunBeforeTestClassCallbacks.evaluate(RunBeforeTestClassCallbacks.java:61)
	at org.springframework.test.context.junit4.statements.RunAfterTestClassCallbacks.evaluate(RunAfterTestClassCallbacks.java:71)
	at org.junit.runners.ParentRunner.run(ParentRunner.java:300)
	at org.springframework.test.context.junit4.SpringJUnit4ClassRunner.run(SpringJUnit4ClassRunner.java:176)
	at org.apache.maven.surefire.junit4.JUnit4Provider.execute(JUnit4Provider.java:252)
	at org.apache.maven.surefire.junit4.JUnit4Provider.executeTestSet(JUnit4Provider.java:141)
	at org.apache.maven.surefire.junit4.JUnit4Provider.invoke(JUnit4Provider.java:112)
	at sun.reflect.NativeMethodAccessorImpl.invoke0(Native Method)
	at sun.reflect.NativeMethodAccessorImpl.invoke(NativeMethodAccessorImpl.java:62)
	at sun.reflect.DelegatingMethodAccessorImpl.invoke(DelegatingMethodAccessorImpl.java:43)
	at java.lang.reflect.Method.invoke(Method.java:498)
	at org.apache.maven.surefire.util.ReflectionUtils.invokeMethodWithArray(ReflectionUtils.java:189)
	at org.apache.maven.surefire.booter.ProviderFactory$ProviderProxy.invoke(ProviderFactory.java:165)
	at org.apache.maven.surefire.booter.ProviderFactory.invokeProvider(ProviderFactory.java:85)
	at org.apache.maven.surefire.booter.ForkedBooter.runSuitesInProcess(ForkedBooter.java:115)
	at org.apache.maven.surefire.booter.ForkedBooter.main(ForkedBooter.java:75)
Caused by: java.net.ConnectException: Connection refused: connect
	at java.net.DualStackPlainSocketImpl.connect0(Native Method)
	at java.net.DualStackPlainSocketImpl.socketConnect(DualStackPlainSocketImpl.java:75)
	at java.net.AbstractPlainSocketImpl.doConnect(AbstractPlainSocketImpl.java:476)
	at java.net.AbstractPlainSocketImpl.connectToAddress(AbstractPlainSocketImpl.java:218)
	at java.net.AbstractPlainSocketImpl.connect(AbstractPlainSocketImpl.java:200)
	at java.net.PlainSocketImpl.connect(PlainSocketImpl.java:162)
	at java.net.SocksSocketImpl.connect(SocksSocketImpl.java:394)
	at java.net.Socket.connect(Socket.java:606)
	at java.net.Socket.connect(Socket.java:555)
	at java.net.Socket.&lt;init&gt;(Socket.java:451)
	at java.net.Socket.&lt;init&gt;(Socket.java:228)
	at org.postgresql.core.PGStream.&lt;init&gt;(PGStream.java:62)
	at org.postgresql.core.v3.ConnectionFactoryImpl.openConnectionImpl(ConnectionFactoryImpl.java:76)
	... 112 more
------

09:44:40,680 [ INFO] Dialect:145 - HHH000400: Using dialect: org.hibernate.dialect.PostgreSQLDialect
09:44:40,680 [ INFO] LobCreatorBuilder:88 - HHH000422: Disabling contextual LOB creation as connection was null
09:44:40,680 [DEBUG] Configuration:3748 - Processing hbm.xml files
09:44:40,680 [DEBUG] Configuration:3778 - Process annotated classes
09:44:40,680 [DEBUG] AnnotationBinder:601 - Binding entity from annotated class: rugal.sample.core.entity.Student
09:44:40,680 [DEBUG] Ejb3Column:239 - Binding column: Ejb3DiscriminatorColumn{logicalColumnName&apos;DTYPE&apos;, discriminatorTypeName=&apos;string&apos;}
09:44:40,680 [DEBUG] AnnotationBinder:1185 - No value specified for &apos;javax.persistence.sharedCache.mode&apos;; using UNSPECIFIED
09:44:40,680 [DEBUG] EntityBinder:397 - Import with entity name student
09:44:40,696 [DEBUG] EntityBinder:586 - Bind entity rugal.sample.core.entity.Student on table student
09:44:40,696 [DEBUG] Ejb3Column:239 - Binding column: Ejb3Column{table=org.hibernate.mapping.Table(student), mappingColumn=id, insertable=true, updatable=true, unique=false}
09:44:40,696 [DEBUG] PropertyBinder:185 - MetadataSourceProcessor property id with lazy=false
09:44:40,696 [DEBUG] AbstractPropertyHolder:106 - Attempting to locate auto-apply AttributeConverter for property [rugal.sample.core.entity.Student:id]
09:44:40,696 [DEBUG] SimpleValueBinder:385 - building SimpleValue for id
09:44:40,696 [DEBUG] PropertyBinder:271 - Building property id
09:44:40,696 [DEBUG] Ejb3Column:239 - Binding column: Ejb3Column{table=org.hibernate.mapping.Table(student), mappingColumn=age, insertable=true, updatable=true, unique=false}
09:44:40,696 [DEBUG] PropertyBinder:185 - MetadataSourceProcessor property age with lazy=false
09:44:40,696 [DEBUG] AbstractPropertyHolder:106 - Attempting to locate auto-apply AttributeConverter for property [rugal.sample.core.entity.Student:age]
09:44:40,696 [DEBUG] SimpleValueBinder:385 - building SimpleValue for age
09:44:40,696 [DEBUG] PropertyBinder:271 - Building property age
09:44:40,696 [DEBUG] Ejb3Column:239 - Binding column: Ejb3Column{table=org.hibernate.mapping.Table(student), mappingColumn=name, insertable=true, updatable=true, unique=false}
09:44:40,696 [DEBUG] PropertyBinder:185 - MetadataSourceProcessor property name with lazy=false
09:44:40,696 [DEBUG] AbstractPropertyHolder:106 - Attempting to locate auto-apply AttributeConverter for property [rugal.sample.core.entity.Student:name]
09:44:40,711 [DEBUG] SimpleValueBinder:385 - building SimpleValue for name
09:44:40,711 [DEBUG] PropertyBinder:271 - Building property name
09:44:40,711 [DEBUG] SimpleValueBinder:422 - Starting fillSimpleValue for id
09:44:40,711 [DEBUG] SimpleValueBinder:422 - Starting fillSimpleValue for age
09:44:40,711 [DEBUG] SimpleValueBinder:422 - Starting fillSimpleValue for name
09:44:40,711 [DEBUG] Configuration:1482 - Processing fk mappings (*ToOne and JoinedSubclass)
09:44:40,711 [DEBUG] Configuration:1687 - Processing extends queue
09:44:40,711 [DEBUG] Configuration:1745 - Processing extends queue
09:44:40,711 [DEBUG] Configuration:1690 - Processing collection mappings
09:44:40,711 [DEBUG] Configuration:1700 - Processing native query and ResultSetMapping mappings
09:44:40,711 [DEBUG] Configuration:1708 - Processing association property references
09:44:40,711 [DEBUG] Configuration:1730 - Creating tables&apos; unique integer identifiers
09:44:40,711 [DEBUG] Configuration:1731 - Processing foreign key constraints
09:44:40,711 [DEBUG] JtaPlatformInitiator:59 - No JtaPlatform was specified, checking resolver
09:44:40,711 [DEBUG] JtaPlatformResolverInitiator:50 - No JtaPlatformResolver was specified, using default [org.hibernate.engine.transaction.jta.platform.internal.StandardJtaPlatformResolver]
09:44:40,711 [DEBUG] StandardJtaPlatformResolver:118 - Could not resolve JtaPlatform, using default [org.hibernate.engine.transaction.jta.platform.internal.NoJtaPlatform]
09:44:40,711 [DEBUG] SettingsFactory:122 - Automatic flush during beforeCompletion(): disabled
09:44:40,711 [DEBUG] SettingsFactory:128 - Automatic session close at end of transaction: disabled
09:44:40,711 [DEBUG] SettingsFactory:155 - Scrollable result sets: disabled
09:44:40,711 [DEBUG] SettingsFactory:161 - Wrap result sets: disabled
09:44:40,711 [DEBUG] SettingsFactory:167 - JDBC3 getGeneratedKeys(): disabled
09:44:40,711 [DEBUG] SettingsFactory:179 - multi-tenancy strategy : NONE
09:44:40,711 [DEBUG] SettingsFactory:185 - Connection release mode: auto
09:44:40,711 [ INFO] TransactionFactoryInitiator:62 - HHH000399: Using default transaction strategy (direct JDBC transactions)
09:44:40,711 [DEBUG] SettingsFactory:207 - Using BatchFetchStyle : LEGACY
09:44:40,711 [DEBUG] SettingsFactory:232 - Default batch fetch size: 1
09:44:40,711 [DEBUG] SettingsFactory:238 - Generate SQL with comments: disabled
09:44:40,711 [DEBUG] SettingsFactory:244 - Order SQL updates by primary key: disabled
09:44:40,711 [DEBUG] SettingsFactory:250 - Order SQL inserts for batching: disabled
09:44:40,711 [DEBUG] SettingsFactory:258 - Default null ordering: none
09:44:40,711 [DEBUG] SettingsFactory:501 - Query translator: org.hibernate.hql.internal.ast.ASTQueryTranslatorFactory
09:44:40,711 [ INFO] ASTQueryTranslatorFactory:47 - HHH000397: Using ASTQueryTranslatorFactory
09:44:40,711 [DEBUG] SettingsFactory:268 - Query language substitutions: {}
09:44:40,711 [DEBUG] SettingsFactory:274 - JPA-QL strict compliance: disabled
09:44:40,711 [DEBUG] SettingsFactory:282 - Second-level cache: enabled
09:44:40,711 [DEBUG] SettingsFactory:288 - Query cache: disabled
09:44:40,711 [DEBUG] RegionFactoryInitiator:105 - Cache region factory : org.hibernate.cache.internal.NoCachingRegionFactory
09:44:40,711 [DEBUG] SettingsFactory:301 - Optimize cache for minimal puts: disabled
09:44:40,711 [DEBUG] SettingsFactory:316 - Structured second-level cache entries: disabled
09:44:40,711 [DEBUG] SettingsFactory:326 - Second-level cache direct-reference entries: disabled
09:44:40,711 [DEBUG] SettingsFactory:332 - Automatic eviction of collection cache: disabled
09:44:40,711 [DEBUG] SettingsFactory:340 - Statistics: disabled
09:44:40,711 [DEBUG] SettingsFactory:346 - Deleted entity synthetic identifier rollback: disabled
09:44:40,711 [DEBUG] SettingsFactory:373 - Default entity-mode: pojo
09:44:40,727 [DEBUG] SettingsFactory:379 - Named query checking : enabled
09:44:40,727 [DEBUG] SettingsFactory:385 - Check Nullability in Core (should be disabled when Bean Validation is on): enabled
09:44:40,727 [DEBUG] SettingsFactory:403 - Allow initialization of lazy state outside session : : disabled
09:44:40,727 [DEBUG] SettingsFactory:413 - JTA Track by Thread: enabled
09:44:40,727 [DEBUG] SessionFactoryImpl:229 - Building session factory
09:44:40,727 [DEBUG] SessionFactoryImpl:285 - Session factory constructed with filter configurations : {}
09:44:40,727 [DEBUG] SessionFactoryImpl:286 - Instantiating session factory with properties: {java.runtime.name=Java(TM) SE Runtime Environment, sun.boot.library.path=C:\Program Files\Java\jdk1.8.0_301\jre\bin, java.vm.version=25.301-b09, java.vm.vendor=Oracle Corporation, java.vendor.url=http://java.oracle.com/, path.separator=;, java.vm.name=Java HotSpot(TM) 64-Bit Server VM, file.encoding.pkg=sun.io, user.script=, user.country=US, sun.java.launcher=SUN_STANDARD, sun.os.patch.level=Service Pack 1, java.vm.specification.name=Java Virtual Machine Specification, user.dir=D:\devops-practice\MAVEN\CANARA\CREDITCARD, java.runtime.version=1.8.0_301-b09, java.awt.graphicsenv=sun.awt.Win32GraphicsEnvironment, basedir=D:\devops-practice\MAVEN\CANARA\CREDITCARD, hibernate.current_session_context_class=org.springframework.orm.hibernate4.SpringSessionContext, java.endorsed.dirs=C:\Program Files\Java\jdk1.8.0_301\jre\lib\endorsed, os.arch=amd64, surefire.real.class.path=D:\devops-practice\MAVEN\CANARA\CREDITCARD\target\surefire\surefirebooter2196941718216034272.jar, hibernate.connection.autocommit=false, java.io.tmpdir=C:\Users\admin\AppData\Local\Temp\, line.separator=
, java.vm.specification.vendor=Oracle Corporation, user.variant=, os.name=Windows 7, sun.jnu.encoding=Cp1252, java.library.path=C:\Program Files\Java\jdk1.8.0_301\jre\bin;C:\Windows\Sun\Java\bin;C:\Windows\system32;C:\Windows;C:\Program Files\Java\jdk1.8.0_301\bin;C:\Program Files\apache-maven-3.8.1\bin;C:\Program Files\Java\jdk1.8.0_301;., hibernate.connection.datasource=JDBC URL = jdbc:postgresql://127.0.0.1:5432/postgres, Username = postgres, partitions = 1, max (per partition) = 10, min (per partition) = 1, idle max age = 240 min, idle test period = 60 min, strategy = DEFAULT, surefire.test.class.path=D:\devops-practice\MAVEN\CANARA\CREDITCARD\target\test-classes;D:\devops-practice\MAVEN\CANARA\CREDITCARD\target\classes;C:\Users\admin\.m2\repository\postgresql\postgresql\9.1-901.jdbc4\postgresql-9.1-901.jdbc4.jar;C:\Users\admin\.m2\repository\com\jolbox\bonecp\0.8.0.RELEASE\bonecp-0.8.0.RELEASE.jar;C:\Users\admin\.m2\repository\com\google\guava\guava\15.0\guava-15.0.jar;C:\Users\admin\.m2\repository\org\hibernate\hibernate-core\4.3.5.Final\hibernate-core-4.3.5.Final.jar;C:\Users\admin\.m2\repository\antlr\antlr\2.7.7\antlr-2.7.7.jar;C:\Users\admin\.m2\repository\dom4j\dom4j\1.6.1\dom4j-1.6.1.jar;C:\Users\admin\.m2\repository\org\hibernate\common\hibernate-commons-annotations\4.0.4.Final\hibernate-commons-annotations-4.0.4.Final.jar;C:\Users\admin\.m2\repository\org\hibernate\javax\persistence\hibernate-jpa-2.1-api\1.0.0.Final\hibernate-jpa-2.1-api-1.0.0.Final.jar;C:\Users\admin\.m2\repository\org\jboss\jandex\1.1.0.Final\jandex-1.1.0.Final.jar;C:\Users\admin\.m2\repository\org\javassist\javassist\3.18.1-GA\javassist-3.18.1-GA.jar;C:\Users\admin\.m2\repository\org\jboss\logging\jboss-logging\3.1.4.GA\jboss-logging-3.1.4.GA.jar;C:\Users\admin\.m2\repository\org\jboss\logging\jboss-logging-annotations\1.2.0.Final\jboss-logging-annotations-1.2.0.Final.jar;C:\Users\admin\.m2\repository\org\jboss\spec\javax\transaction\jboss-transaction-api_1.2_spec\1.0.0.Final\jboss-transaction-api_1.2_spec-1.0.0.Final.jar;C:\Users\admin\.m2\repository\xml-apis\xml-apis\1.0.b2\xml-apis-1.0.b2.jar;C:\Users\admin\.m2\repository\org\springframework\spring-orm\4.0.4.RELEASE\spring-orm-4.0.4.RELEASE.jar;C:\Users\admin\.m2\repository\log4j\log4j\1.2.17\log4j-1.2.17.jar;C:\Users\admin\.m2\repository\org\slf4j\slf4j-api\1.7.5\slf4j-api-1.7.5.jar;C:\Users\admin\.m2\repository\org\slf4j\slf4j-log4j12\1.7.5\slf4j-log4j12-1.7.5.jar;C:\Users\admin\.m2\repository\javax\servlet\javax.servlet-api\3.1.0\javax.servlet-api-3.1.0.jar;C:\Users\admin\.m2\repository\junit\junit\4.10\junit-4.10.jar;C:\Users\admin\.m2\repository\org\springframework\spring-test\4.0.4.RELEASE\spring-test-4.0.4.RELEASE.jar;C:\Users\admin\.m2\repository\org\springframework\spring-mock\2.0.8\spring-mock-2.0.8.jar;C:\Users\admin\.m2\repository\org\springframework\spring-beans\4.0.4.RELEASE\spring-beans-4.0.4.RELEASE.jar;C:\Users\admin\.m2\repository\org\aspectj\aspectjweaver\1.8.1\aspectjweaver-1.8.1.jar;C:\Users\admin\.m2\repository\org\springframework\spring-context\4.0.4.RELEASE\spring-context-4.0.4.RELEASE.jar;C:\Users\admin\.m2\repository\org\springframework\spring-expression\4.0.4.RELEASE\spring-expression-4.0.4.RELEASE.jar;C:\Users\admin\.m2\repository\org\springframework\spring-aop\4.0.4.RELEASE\spring-aop-4.0.4.RELEASE.jar;C:\Users\admin\.m2\repository\aopalliance\aopalliance\1.0\aopalliance-1.0.jar;C:\Users\admin\.m2\repository\org\springframework\spring-core\4.0.4.RELEASE\spring-core-4.0.4.RELEASE.jar;C:\Users\admin\.m2\repository\org\springframework\spring-tx\4.0.4.RELEASE\spring-tx-4.0.4.RELEASE.jar;C:\Users\admin\.m2\repository\org\springframework\spring-jdbc\4.0.4.RELEASE\spring-jdbc-4.0.4.RELEASE.jar;C:\Users\admin\.m2\repository\commons-logging\commons-logging\1.1.3\commons-logging-1.1.3.jar;C:\Users\admin\.m2\repository\org\springframework\spring-web\4.0.4.RELEASE\spring-web-4.0.4.RELEASE.jar;C:\Users\admin\.m2\repository\org\springframework\spring-webmvc\4.0.4.RELEASE\spring-webmvc-4.0.4.RELEASE.jar;C:\Users\admin\.m2\repository\com\fasterxml\jackson\core\jackson-core\2.2.0\jackson-core-2.2.0.jar;C:\Users\admin\.m2\repository\com\fasterxml\jackson\core\jackson-annotations\2.2.0\jackson-annotations-2.2.0.jar;C:\Users\admin\.m2\repository\com\fasterxml\jackson\core\jackson-databind\2.2.0\jackson-databind-2.2.0.jar;C:\Users\admin\.m2\repository\com\fasterxml\jackson\dataformat\jackson-dataformat-smile\2.2.0\jackson-dataformat-smile-2.2.0.jar;, java.specification.name=Java Platform API Specification, java.class.version=52.0, sun.management.compiler=HotSpot 64-Bit Tiered Compilers, os.version=6.1, user.home=C:\Users\admin, user.timezone=Asia/Calcutta, java.awt.printerjob=sun.awt.windows.WPrinterJob, java.specification.version=1.8, file.encoding=Cp1252, hibernate.format_sql=true, user.name=admin, java.class.path=D:\devops-practice\MAVEN\CANARA\CREDITCARD\target\test-classes;D:\devops-practice\MAVEN\CANARA\CREDITCARD\target\classes;C:\Users\admin\.m2\repository\postgresql\postgresql\9.1-901.jdbc4\postgresql-9.1-901.jdbc4.jar;C:\Users\admin\.m2\repository\com\jolbox\bonecp\0.8.0.RELEASE\bonecp-0.8.0.RELEASE.jar;C:\Users\admin\.m2\repository\com\google\guava\guava\15.0\guava-15.0.jar;C:\Users\admin\.m2\repository\org\hibernate\hibernate-core\4.3.5.Final\hibernate-core-4.3.5.Final.jar;C:\Users\admin\.m2\repository\antlr\antlr\2.7.7\antlr-2.7.7.jar;C:\Users\admin\.m2\repository\dom4j\dom4j\1.6.1\dom4j-1.6.1.jar;C:\Users\admin\.m2\repository\org\hibernate\common\hibernate-commons-annotations\4.0.4.Final\hibernate-commons-annotations-4.0.4.Final.jar;C:\Users\admin\.m2\repository\org\hibernate\javax\persistence\hibernate-jpa-2.1-api\1.0.0.Final\hibernate-jpa-2.1-api-1.0.0.Final.jar;C:\Users\admin\.m2\repository\org\jboss\jandex\1.1.0.Final\jandex-1.1.0.Final.jar;C:\Users\admin\.m2\repository\org\javassist\javassist\3.18.1-GA\javassist-3.18.1-GA.jar;C:\Users\admin\.m2\repository\org\jboss\logging\jboss-logging\3.1.4.GA\jboss-logging-3.1.4.GA.jar;C:\Users\admin\.m2\repository\org\jboss\logging\jboss-logging-annotations\1.2.0.Final\jboss-logging-annotations-1.2.0.Final.jar;C:\Users\admin\.m2\repository\org\jboss\spec\javax\transaction\jboss-transaction-api_1.2_spec\1.0.0.Final\jboss-transaction-api_1.2_spec-1.0.0.Final.jar;C:\Users\admin\.m2\repository\xml-apis\xml-apis\1.0.b2\xml-apis-1.0.b2.jar;C:\Users\admin\.m2\repository\org\springframework\spring-orm\4.0.4.RELEASE\spring-orm-4.0.4.RELEASE.jar;C:\Users\admin\.m2\repository\log4j\log4j\1.2.17\log4j-1.2.17.jar;C:\Users\admin\.m2\repository\org\slf4j\slf4j-api\1.7.5\slf4j-api-1.7.5.jar;C:\Users\admin\.m2\repository\org\slf4j\slf4j-log4j12\1.7.5\slf4j-log4j12-1.7.5.jar;C:\Users\admin\.m2\repository\javax\servlet\javax.servlet-api\3.1.0\javax.servlet-api-3.1.0.jar;C:\Users\admin\.m2\repository\junit\junit\4.10\junit-4.10.jar;C:\Users\admin\.m2\repository\org\springframework\spring-test\4.0.4.RELEASE\spring-test-4.0.4.RELEASE.jar;C:\Users\admin\.m2\repository\org\springframework\spring-mock\2.0.8\spring-mock-2.0.8.jar;C:\Users\admin\.m2\repository\org\springframework\spring-beans\4.0.4.RELEASE\spring-beans-4.0.4.RELEASE.jar;C:\Users\admin\.m2\repository\org\aspectj\aspectjweaver\1.8.1\aspectjweaver-1.8.1.jar;C:\Users\admin\.m2\repository\org\springframework\spring-context\4.0.4.RELEASE\spring-context-4.0.4.RELEASE.jar;C:\Users\admin\.m2\repository\org\springframework\spring-expression\4.0.4.RELEASE\spring-expression-4.0.4.RELEASE.jar;C:\Users\admin\.m2\repository\org\springframework\spring-aop\4.0.4.RELEASE\spring-aop-4.0.4.RELEASE.jar;C:\Users\admin\.m2\repository\aopalliance\aopalliance\1.0\aopalliance-1.0.jar;C:\Users\admin\.m2\repository\org\springframework\spring-core\4.0.4.RELEASE\spring-core-4.0.4.RELEASE.jar;C:\Users\admin\.m2\repository\org\springframework\spring-tx\4.0.4.RELEASE\spring-tx-4.0.4.RELEASE.jar;C:\Users\admin\.m2\repository\org\springframework\spring-jdbc\4.0.4.RELEASE\spring-jdbc-4.0.4.RELEASE.jar;C:\Users\admin\.m2\repository\commons-logging\commons-logging\1.1.3\commons-logging-1.1.3.jar;C:\Users\admin\.m2\repository\org\springframework\spring-web\4.0.4.RELEASE\spring-web-4.0.4.RELEASE.jar;C:\Users\admin\.m2\repository\org\springframework\spring-webmvc\4.0.4.RELEASE\spring-webmvc-4.0.4.RELEASE.jar;C:\Users\admin\.m2\repository\com\fasterxml\jackson\core\jackson-core\2.2.0\jackson-core-2.2.0.jar;C:\Users\admin\.m2\repository\com\fasterxml\jackson\core\jackson-annotations\2.2.0\jackson-annotations-2.2.0.jar;C:\Users\admin\.m2\repository\com\fasterxml\jackson\core\jackson-databind\2.2.0\jackson-databind-2.2.0.jar;C:\Users\admin\.m2\repository\com\fasterxml\jackson\dataformat\jackson-dataformat-smile\2.2.0\jackson-dataformat-smile-2.2.0.jar;, hibernate.bytecode.use_reflection_optimizer=false, hibernate.show_sql=true, hibernate.classLoader.application=sun.misc.Launcher$AppClassLoader@42a57993, java.vm.specification.version=1.8, sun.arch.data.model=64, java.home=C:\Program Files\Java\jdk1.8.0_301\jre, sun.java.command=D:\devops-practice\MAVEN\CANARA\CREDITCARD\target\surefire\surefirebooter2196941718216034272.jar D:\devops-practice\MAVEN\CANARA\CREDITCARD\target\surefire\surefire8335203825234839050tmp D:\devops-practice\MAVEN\CANARA\CREDITCARD\target\surefire\surefire_04884955487643014838tmp, hibernate.dialect=org.hibernate.dialect.PostgreSQLDialect, java.specification.vendor=Oracle Corporation, user.language=en, awt.toolkit=sun.awt.windows.WToolkit, java.vm.info=mixed mode, java.version=1.8.0_301, java.ext.dirs=C:\Program Files\Java\jdk1.8.0_301\jre\lib\ext;C:\Windows\Sun\Java\lib\ext, sun.boot.class.path=C:\Program Files\Java\jdk1.8.0_301\jre\lib\resources.jar;C:\Program Files\Java\jdk1.8.0_301\jre\lib\rt.jar;C:\Program Files\Java\jdk1.8.0_301\jre\lib\sunrsasign.jar;C:\Program Files\Java\jdk1.8.0_301\jre\lib\jsse.jar;C:\Program Files\Java\jdk1.8.0_301\jre\lib\jce.jar;C:\Program Files\Java\jdk1.8.0_301\jre\lib\charsets.jar;C:\Program Files\Java\jdk1.8.0_301\jre\lib\jfr.jar;C:\Program Files\Java\jdk1.8.0_301\jre\classes, java.vendor=Oracle Corporation, localRepository=C:\Users\admin\.m2\repository, file.separator=\, java.vendor.url.bug=http://bugreport.sun.com/bugreport/, hibernate.hbm2ddl.auto=validate, sun.cpu.endian=little, sun.io.unicode.encoding=UnicodeLittle, sun.desktop=windows, sun.cpu.isalist=amd64}
09:44:40,727 [DEBUG] JaccIntegrator:90 - Skipping JACC integration as it was not enabled
09:44:40,727 [DEBUG] DefaultIdentifierGeneratorFactory:107 - Setting dialect [org.hibernate.dialect.PostgreSQLDialect]
09:44:40,727 [DEBUG] AbstractEntityPersister:3676 - Static SQL for entity: rugal.sample.core.entity.Student
09:44:40,727 [DEBUG] AbstractEntityPersister:3681 -  Version select: select id from student where id =?
09:44:40,727 [DEBUG] AbstractEntityPersister:3684 -  Snapshot select: select student_.id, student_.age as age2_0_, student_.name as name3_0_ from student student_ where student_.id=?
09:44:40,743 [DEBUG] AbstractEntityPersister:3687 -  Insert 0: insert into student (age, name, id) values (?, ?, ?)
09:44:40,743 [DEBUG] AbstractEntityPersister:3688 -  Update 0: update student set age=?, name=? where id=?
09:44:40,743 [DEBUG] AbstractEntityPersister:3689 -  Delete 0: delete from student where id=?
09:44:40,743 [DEBUG] QuerySpacesImpl:177 - Adding QuerySpace : uid = &lt;gen:0&gt; -&gt; org.hibernate.loader.plan.build.internal.spaces.EntityQuerySpaceImpl@12958360]
09:44:40,743 [DEBUG] MetamodelGraphWalker:154 - Visiting attribute path : age
09:44:40,743 [DEBUG] MetamodelGraphWalker:154 - Visiting attribute path : name
09:44:40,743 [DEBUG] FetchStyleLoadPlanBuildingAssociationVisitationStrategy:94 - Building LoadPlan...
09:44:40,743 [DEBUG] LoadQueryJoinAndFetchProcessor:111 - processing queryspace &lt;gen:0&gt;
09:44:40,743 [DEBUG] LoadPlanTreePrinter:72 - LoadPlan(entity=rugal.sample.core.entity.Student)
    - Returns
       - EntityReturnImpl(entity=rugal.sample.core.entity.Student, querySpaceUid=&lt;gen:0&gt;, path=rugal.sample.core.entity.Student)
    - QuerySpaces
       - EntityQuerySpaceImpl(uid=&lt;gen:0&gt;, entity=rugal.sample.core.entity.Student)
          - SQL table alias mapping - student0_
          - alias suffix - 0_
          - suffixed key columns - {id1_0_0_}

09:44:40,743 [DEBUG] EntityLoader:146 - Static select for entity rugal.sample.core.entity.Student [NONE]: select student0_.id as id1_0_0_, student0_.age as age2_0_0_, student0_.name as name3_0_0_ from student student0_ where student0_.id=?
09:44:40,743 [DEBUG] QuerySpacesImpl:177 - Adding QuerySpace : uid = &lt;gen:0&gt; -&gt; org.hibernate.loader.plan.build.internal.spaces.EntityQuerySpaceImpl@6f3f0fae]
09:44:40,743 [DEBUG] MetamodelGraphWalker:154 - Visiting attribute path : age
09:44:40,743 [DEBUG] MetamodelGraphWalker:154 - Visiting attribute path : name
09:44:40,743 [DEBUG] FetchStyleLoadPlanBuildingAssociationVisitationStrategy:94 - Building LoadPlan...
09:44:40,743 [DEBUG] LoadQueryJoinAndFetchProcessor:111 - processing queryspace &lt;gen:0&gt;
09:44:40,743 [DEBUG] LoadPlanTreePrinter:72 - LoadPlan(entity=rugal.sample.core.entity.Student)
    - Returns
       - EntityReturnImpl(entity=rugal.sample.core.entity.Student, querySpaceUid=&lt;gen:0&gt;, path=rugal.sample.core.entity.Student)
    - QuerySpaces
       - EntityQuerySpaceImpl(uid=&lt;gen:0&gt;, entity=rugal.sample.core.entity.Student)
          - SQL table alias mapping - student0_
          - alias suffix - 0_
          - suffixed key columns - {id1_0_0_}

09:44:40,743 [DEBUG] EntityLoader:146 - Static select for entity rugal.sample.core.entity.Student [READ]: select student0_.id as id1_0_0_, student0_.age as age2_0_0_, student0_.name as name3_0_0_ from student student0_ where student0_.id=?
09:44:40,743 [DEBUG] QuerySpacesImpl:177 - Adding QuerySpace : uid = &lt;gen:0&gt; -&gt; org.hibernate.loader.plan.build.internal.spaces.EntityQuerySpaceImpl@1f966492]
09:44:40,743 [DEBUG] MetamodelGraphWalker:154 - Visiting attribute path : age
09:44:40,743 [DEBUG] MetamodelGraphWalker:154 - Visiting attribute path : name
09:44:40,743 [DEBUG] FetchStyleLoadPlanBuildingAssociationVisitationStrategy:94 - Building LoadPlan...
09:44:40,743 [DEBUG] LoadQueryJoinAndFetchProcessor:111 - processing queryspace &lt;gen:0&gt;
09:44:40,743 [DEBUG] LoadPlanTreePrinter:72 - LoadPlan(entity=rugal.sample.core.entity.Student)
    - Returns
       - EntityReturnImpl(entity=rugal.sample.core.entity.Student, querySpaceUid=&lt;gen:0&gt;, path=rugal.sample.core.entity.Student)
    - QuerySpaces
       - EntityQuerySpaceImpl(uid=&lt;gen:0&gt;, entity=rugal.sample.core.entity.Student)
          - SQL table alias mapping - student0_
          - alias suffix - 0_
          - suffixed key columns - {id1_0_0_}

09:44:40,743 [DEBUG] EntityLoader:146 - Static select for entity rugal.sample.core.entity.Student [UPGRADE]: select student0_.id as id1_0_0_, student0_.age as age2_0_0_, student0_.name as name3_0_0_ from student student0_ where student0_.id=? for update
09:44:40,743 [DEBUG] QuerySpacesImpl:177 - Adding QuerySpace : uid = &lt;gen:0&gt; -&gt; org.hibernate.loader.plan.build.internal.spaces.EntityQuerySpaceImpl@7428de63]
09:44:40,743 [DEBUG] MetamodelGraphWalker:154 - Visiting attribute path : age
09:44:40,743 [DEBUG] MetamodelGraphWalker:154 - Visiting attribute path : name
09:44:40,743 [DEBUG] FetchStyleLoadPlanBuildingAssociationVisitationStrategy:94 - Building LoadPlan...
09:44:40,743 [DEBUG] LoadQueryJoinAndFetchProcessor:111 - processing queryspace &lt;gen:0&gt;
09:44:40,743 [DEBUG] LoadPlanTreePrinter:72 - LoadPlan(entity=rugal.sample.core.entity.Student)
    - Returns
       - EntityReturnImpl(entity=rugal.sample.core.entity.Student, querySpaceUid=&lt;gen:0&gt;, path=rugal.sample.core.entity.Student)
    - QuerySpaces
       - EntityQuerySpaceImpl(uid=&lt;gen:0&gt;, entity=rugal.sample.core.entity.Student)
          - SQL table alias mapping - student0_
          - alias suffix - 0_
          - suffixed key columns - {id1_0_0_}

09:44:40,743 [DEBUG] EntityLoader:146 - Static select for entity rugal.sample.core.entity.Student [UPGRADE_NOWAIT]: select student0_.id as id1_0_0_, student0_.age as age2_0_0_, student0_.name as name3_0_0_ from student student0_ where student0_.id=? for update nowait 
09:44:40,743 [DEBUG] QuerySpacesImpl:177 - Adding QuerySpace : uid = &lt;gen:0&gt; -&gt; org.hibernate.loader.plan.build.internal.spaces.EntityQuerySpaceImpl@4a68135e]
09:44:40,743 [DEBUG] MetamodelGraphWalker:154 - Visiting attribute path : age
09:44:40,743 [DEBUG] MetamodelGraphWalker:154 - Visiting attribute path : name
09:44:40,743 [DEBUG] FetchStyleLoadPlanBuildingAssociationVisitationStrategy:94 - Building LoadPlan...
09:44:40,743 [DEBUG] LoadQueryJoinAndFetchProcessor:111 - processing queryspace &lt;gen:0&gt;
09:44:40,758 [DEBUG] LoadPlanTreePrinter:72 - LoadPlan(entity=rugal.sample.core.entity.Student)
    - Returns
       - EntityReturnImpl(entity=rugal.sample.core.entity.Student, querySpaceUid=&lt;gen:0&gt;, path=rugal.sample.core.entity.Student)
    - QuerySpaces
       - EntityQuerySpaceImpl(uid=&lt;gen:0&gt;, entity=rugal.sample.core.entity.Student)
          - SQL table alias mapping - student0_
          - alias suffix - 0_
          - suffixed key columns - {id1_0_0_}

09:44:40,758 [DEBUG] EntityLoader:146 - Static select for entity rugal.sample.core.entity.Student [UPGRADE_SKIPLOCKED]: select student0_.id as id1_0_0_, student0_.age as age2_0_0_, student0_.name as name3_0_0_ from student student0_ where student0_.id=? for update
09:44:40,758 [DEBUG] QuerySpacesImpl:177 - Adding QuerySpace : uid = &lt;gen:0&gt; -&gt; org.hibernate.loader.plan.build.internal.spaces.EntityQuerySpaceImpl@2063c53e]
09:44:40,758 [DEBUG] MetamodelGraphWalker:154 - Visiting attribute path : age
09:44:40,758 [DEBUG] MetamodelGraphWalker:154 - Visiting attribute path : name
09:44:40,758 [DEBUG] FetchStyleLoadPlanBuildingAssociationVisitationStrategy:94 - Building LoadPlan...
09:44:40,758 [DEBUG] LoadQueryJoinAndFetchProcessor:111 - processing queryspace &lt;gen:0&gt;
09:44:40,758 [DEBUG] LoadPlanTreePrinter:72 - LoadPlan(entity=rugal.sample.core.entity.Student)
    - Returns
       - EntityReturnImpl(entity=rugal.sample.core.entity.Student, querySpaceUid=&lt;gen:0&gt;, path=rugal.sample.core.entity.Student)
    - QuerySpaces
       - EntityQuerySpaceImpl(uid=&lt;gen:0&gt;, entity=rugal.sample.core.entity.Student)
          - SQL table alias mapping - student0_
          - alias suffix - 0_
          - suffixed key columns - {id1_0_0_}

09:44:40,758 [DEBUG] EntityLoader:146 - Static select for entity rugal.sample.core.entity.Student [FORCE]: select student0_.id as id1_0_0_, student0_.age as age2_0_0_, student0_.name as name3_0_0_ from student student0_ where student0_.id=? for update nowait 
09:44:40,758 [DEBUG] QuerySpacesImpl:177 - Adding QuerySpace : uid = &lt;gen:0&gt; -&gt; org.hibernate.loader.plan.build.internal.spaces.EntityQuerySpaceImpl@50f40653]
09:44:40,758 [DEBUG] MetamodelGraphWalker:154 - Visiting attribute path : age
09:44:40,758 [DEBUG] MetamodelGraphWalker:154 - Visiting attribute path : name
09:44:40,758 [DEBUG] FetchStyleLoadPlanBuildingAssociationVisitationStrategy:94 - Building LoadPlan...
09:44:40,758 [DEBUG] LoadQueryJoinAndFetchProcessor:111 - processing queryspace &lt;gen:0&gt;
09:44:40,758 [DEBUG] LoadPlanTreePrinter:72 - LoadPlan(entity=rugal.sample.core.entity.Student)
    - Returns
       - EntityReturnImpl(entity=rugal.sample.core.entity.Student, querySpaceUid=&lt;gen:0&gt;, path=rugal.sample.core.entity.Student)
    - QuerySpaces
       - EntityQuerySpaceImpl(uid=&lt;gen:0&gt;, entity=rugal.sample.core.entity.Student)
          - SQL table alias mapping - student0_
          - alias suffix - 0_
          - suffixed key columns - {id1_0_0_}

09:44:40,758 [DEBUG] EntityLoader:146 - Static select for entity rugal.sample.core.entity.Student [PESSIMISTIC_READ]: select student0_.id as id1_0_0_, student0_.age as age2_0_0_, student0_.name as name3_0_0_ from student student0_ where student0_.id=? for share
09:44:40,758 [DEBUG] QuerySpacesImpl:177 - Adding QuerySpace : uid = &lt;gen:0&gt; -&gt; org.hibernate.loader.plan.build.internal.spaces.EntityQuerySpaceImpl@6e57b5e9]
09:44:40,758 [DEBUG] MetamodelGraphWalker:154 - Visiting attribute path : age
09:44:40,758 [DEBUG] MetamodelGraphWalker:154 - Visiting attribute path : name
09:44:40,758 [DEBUG] FetchStyleLoadPlanBuildingAssociationVisitationStrategy:94 - Building LoadPlan...
09:44:40,758 [DEBUG] LoadQueryJoinAndFetchProcessor:111 - processing queryspace &lt;gen:0&gt;
09:44:40,758 [DEBUG] LoadPlanTreePrinter:72 - LoadPlan(entity=rugal.sample.core.entity.Student)
    - Returns
       - EntityReturnImpl(entity=rugal.sample.core.entity.Student, querySpaceUid=&lt;gen:0&gt;, path=rugal.sample.core.entity.Student)
    - QuerySpaces
       - EntityQuerySpaceImpl(uid=&lt;gen:0&gt;, entity=rugal.sample.core.entity.Student)
          - SQL table alias mapping - student0_
          - alias suffix - 0_
          - suffixed key columns - {id1_0_0_}

09:44:40,758 [DEBUG] EntityLoader:146 - Static select for entity rugal.sample.core.entity.Student [PESSIMISTIC_WRITE]: select student0_.id as id1_0_0_, student0_.age as age2_0_0_, student0_.name as name3_0_0_ from student student0_ where student0_.id=? for update
09:44:40,758 [DEBUG] QuerySpacesImpl:177 - Adding QuerySpace : uid = &lt;gen:0&gt; -&gt; org.hibernate.loader.plan.build.internal.spaces.EntityQuerySpaceImpl@6a0ac48e]
09:44:40,758 [DEBUG] MetamodelGraphWalker:154 - Visiting attribute path : age
09:44:40,758 [DEBUG] MetamodelGraphWalker:154 - Visiting attribute path : name
09:44:40,758 [DEBUG] FetchStyleLoadPlanBuildingAssociationVisitationStrategy:94 - Building LoadPlan...
09:44:40,758 [DEBUG] LoadQueryJoinAndFetchProcessor:111 - processing queryspace &lt;gen:0&gt;
09:44:40,758 [DEBUG] LoadPlanTreePrinter:72 - LoadPlan(entity=rugal.sample.core.entity.Student)
    - Returns
       - EntityReturnImpl(entity=rugal.sample.core.entity.Student, querySpaceUid=&lt;gen:0&gt;, path=rugal.sample.core.entity.Student)
    - QuerySpaces
       - EntityQuerySpaceImpl(uid=&lt;gen:0&gt;, entity=rugal.sample.core.entity.Student)
          - SQL table alias mapping - student0_
          - alias suffix - 0_
          - suffixed key columns - {id1_0_0_}

09:44:40,758 [DEBUG] EntityLoader:146 - Static select for entity rugal.sample.core.entity.Student [PESSIMISTIC_FORCE_INCREMENT]: select student0_.id as id1_0_0_, student0_.age as age2_0_0_, student0_.name as name3_0_0_ from student student0_ where student0_.id=? for update nowait 
09:44:40,774 [DEBUG] QuerySpacesImpl:177 - Adding QuerySpace : uid = &lt;gen:0&gt; -&gt; org.hibernate.loader.plan.build.internal.spaces.EntityQuerySpaceImpl@77cb9cd1]
09:44:40,774 [DEBUG] MetamodelGraphWalker:154 - Visiting attribute path : age
09:44:40,774 [DEBUG] MetamodelGraphWalker:154 - Visiting attribute path : name
09:44:40,774 [DEBUG] FetchStyleLoadPlanBuildingAssociationVisitationStrategy:94 - Building LoadPlan...
09:44:40,774 [DEBUG] LoadQueryJoinAndFetchProcessor:111 - processing queryspace &lt;gen:0&gt;
09:44:40,774 [DEBUG] LoadPlanTreePrinter:72 - LoadPlan(entity=rugal.sample.core.entity.Student)
    - Returns
       - EntityReturnImpl(entity=rugal.sample.core.entity.Student, querySpaceUid=&lt;gen:0&gt;, path=rugal.sample.core.entity.Student)
    - QuerySpaces
       - EntityQuerySpaceImpl(uid=&lt;gen:0&gt;, entity=rugal.sample.core.entity.Student)
          - SQL table alias mapping - student0_
          - alias suffix - 0_
          - suffixed key columns - {id1_0_0_}

09:44:40,774 [DEBUG] EntityLoader:146 - Static select for entity rugal.sample.core.entity.Student [OPTIMISTIC]: select student0_.id as id1_0_0_, student0_.age as age2_0_0_, student0_.name as name3_0_0_ from student student0_ where student0_.id=?
09:44:40,774 [DEBUG] QuerySpacesImpl:177 - Adding QuerySpace : uid = &lt;gen:0&gt; -&gt; org.hibernate.loader.plan.build.internal.spaces.EntityQuerySpaceImpl@35636217]
09:44:40,774 [DEBUG] MetamodelGraphWalker:154 - Visiting attribute path : age
09:44:40,774 [DEBUG] MetamodelGraphWalker:154 - Visiting attribute path : name
09:44:40,774 [DEBUG] FetchStyleLoadPlanBuildingAssociationVisitationStrategy:94 - Building LoadPlan...
09:44:40,774 [DEBUG] LoadQueryJoinAndFetchProcessor:111 - processing queryspace &lt;gen:0&gt;
09:44:40,774 [DEBUG] LoadPlanTreePrinter:72 - LoadPlan(entity=rugal.sample.core.entity.Student)
    - Returns
       - EntityReturnImpl(entity=rugal.sample.core.entity.Student, querySpaceUid=&lt;gen:0&gt;, path=rugal.sample.core.entity.Student)
    - QuerySpaces
       - EntityQuerySpaceImpl(uid=&lt;gen:0&gt;, entity=rugal.sample.core.entity.Student)
          - SQL table alias mapping - student0_
          - alias suffix - 0_
          - suffixed key columns - {id1_0_0_}

09:44:40,774 [DEBUG] EntityLoader:146 - Static select for entity rugal.sample.core.entity.Student [OPTIMISTIC_FORCE_INCREMENT]: select student0_.id as id1_0_0_, student0_.age as age2_0_0_, student0_.name as name3_0_0_ from student student0_ where student0_.id=?
09:44:40,774 [DEBUG] Loader:56 - Static select for action ACTION_MERGE on entity rugal.sample.core.entity.Student: select student0_.id as id1_0_0_, student0_.age as age2_0_0_, student0_.name as name3_0_0_ from student student0_ where student0_.id=?
09:44:40,774 [DEBUG] Loader:56 - Static select for action ACTION_REFRESH on entity rugal.sample.core.entity.Student: select student0_.id as id1_0_0_, student0_.age as age2_0_0_, student0_.name as name3_0_0_ from student student0_ where student0_.id=?
09:44:40,774 [DEBUG] SessionFactoryRegistry:89 - Registering SessionFactory: 15db1d9b-a342-4e1a-bb2a-e83b6fe46d90 (&lt;unnamed&gt;)
09:44:40,774 [DEBUG] SessionFactoryRegistry:96 - Not binding SessionFactory to JNDI, no JNDI name configured
09:44:40,774 [DEBUG] SessionFactoryImpl:505 - Instantiated session factory
09:44:40,774 [ INFO] SchemaValidator:137 - HHH000229: Running schema validator
09:44:40,774 [ INFO] SchemaValidator:145 - HHH000102: Fetching database metadata
09:44:42,817 [ERROR] SchemaValidator:151 - HHH000319: Could not get database metadata
java.sql.SQLException: Unable to open a test connection to the given database. JDBC url = jdbc:postgresql://127.0.0.1:5432/postgres, username = postgres. Terminating connection pool (set lazyInit to true if you expect to start your database after your app). Original Exception: ------
org.postgresql.util.PSQLException: Connection refused. Check that the hostname and port are correct and that the postmaster is accepting TCP/IP connections.
	at org.postgresql.core.v3.ConnectionFactoryImpl.openConnectionImpl(ConnectionFactoryImpl.java:136)
	at org.postgresql.core.ConnectionFactory.openConnection(ConnectionFactory.java:66)
	at org.postgresql.jdbc2.AbstractJdbc2Connection.&lt;init&gt;(AbstractJdbc2Connection.java:125)
	at org.postgresql.jdbc3.AbstractJdbc3Connection.&lt;init&gt;(AbstractJdbc3Connection.java:30)
	at org.postgresql.jdbc3g.AbstractJdbc3gConnection.&lt;init&gt;(AbstractJdbc3gConnection.java:22)
	at org.postgresql.jdbc4.AbstractJdbc4Connection.&lt;init&gt;(AbstractJdbc4Connection.java:30)
	at org.postgresql.jdbc4.Jdbc4Connection.&lt;init&gt;(Jdbc4Connection.java:24)
	at org.postgresql.Driver.makeConnection(Driver.java:393)
	at org.postgresql.Driver.connect(Driver.java:267)
	at java.sql.DriverManager.getConnection(DriverManager.java:664)
	at java.sql.DriverManager.getConnection(DriverManager.java:247)
	at com.jolbox.bonecp.BoneCP.obtainRawInternalConnection(BoneCP.java:363)
	at com.jolbox.bonecp.BoneCP.&lt;init&gt;(BoneCP.java:416)
	at com.jolbox.bonecp.BoneCPDataSource.getConnection(BoneCPDataSource.java:120)
	at org.hibernate.engine.jdbc.connections.internal.DatasourceConnectionProviderImpl.getConnection(DatasourceConnectionProviderImpl.java:139)
	at org.hibernate.tool.hbm2ddl.SuppliedConnectionProviderConnectionHelper.prepare(SuppliedConnectionProviderConnectionHelper.java:51)
	at org.hibernate.tool.hbm2ddl.SchemaValidator.validate(SchemaValidator.java:146)
	at org.hibernate.internal.SessionFactoryImpl.&lt;init&gt;(SessionFactoryImpl.java:525)
	at org.hibernate.cfg.Configuration.buildSessionFactory(Configuration.java:1857)
	at org.hibernate.cfg.Configuration.buildSessionFactory(Configuration.java:1928)
	at org.springframework.orm.hibernate4.LocalSessionFactoryBuilder.buildSessionFactory(LocalSessionFactoryBuilder.java:343)
	at org.springframework.orm.hibernate4.LocalSessionFactoryBean.buildSessionFactory(LocalSessionFactoryBean.java:431)
	at org.springframework.orm.hibernate4.LocalSessionFactoryBean.afterPropertiesSet(LocalSessionFactoryBean.java:416)
	at org.springframework.beans.factory.support.AbstractAutowireCapableBeanFactory.invokeInitMethods(AbstractAutowireCapableBeanFactory.java:1612)
	at org.springframework.beans.factory.support.AbstractAutowireCapableBeanFactory.initializeBean(AbstractAutowireCapableBeanFactory.java:1549)
	at org.springframework.beans.factory.support.AbstractAutowireCapableBeanFactory.doCreateBean(AbstractAutowireCapableBeanFactory.java:539)
	at org.springframework.beans.factory.support.AbstractAutowireCapableBeanFactory.createBean(AbstractAutowireCapableBeanFactory.java:475)
	at org.springframework.beans.factory.support.AbstractBeanFactory$1.getObject(AbstractBeanFactory.java:304)
	at org.springframework.beans.factory.support.DefaultSingletonBeanRegistry.getSingleton(DefaultSingletonBeanRegistry.java:228)
	at org.springframework.beans.factory.support.AbstractBeanFactory.doGetBean(AbstractBeanFactory.java:300)
	at org.springframework.beans.factory.support.AbstractBeanFactory.getBean(AbstractBeanFactory.java:200)
	at org.springframework.context.annotation.CommonAnnotationBeanPostProcessor.autowireResource(CommonAnnotationBeanPostProcessor.java:446)
	at org.springframework.context.annotation.CommonAnnotationBeanPostProcessor.getResource(CommonAnnotationBeanPostProcessor.java:420)
	at org.springframework.context.annotation.CommonAnnotationBeanPostProcessor$ResourceElement.getResourceToInject(CommonAnnotationBeanPostProcessor.java:545)
	at org.springframework.beans.factory.annotation.InjectionMetadata$InjectedElement.inject(InjectionMetadata.java:164)
	at org.springframework.beans.factory.annotation.InjectionMetadata.inject(InjectionMetadata.java:87)
	at org.springframework.context.annotation.CommonAnnotationBeanPostProcessor.postProcessPropertyValues(CommonAnnotationBeanPostProcessor.java:305)
	at org.springframework.beans.factory.support.AbstractAutowireCapableBeanFactory.populateBean(AbstractAutowireCapableBeanFactory.java:1185)
	at org.springframework.beans.factory.support.AbstractAutowireCapableBeanFactory.doCreateBean(AbstractAutowireCapableBeanFactory.java:537)
	at org.springframework.beans.factory.support.AbstractAutowireCapableBeanFactory.createBean(AbstractAutowireCapableBeanFactory.java:475)
	at org.springframework.beans.factory.support.AbstractBeanFactory$1.getObject(AbstractBeanFactory.java:304)
	at org.springframework.beans.factory.support.DefaultSingletonBeanRegistry.getSingleton(DefaultSingletonBeanRegistry.java:228)
	at org.springframework.beans.factory.support.AbstractBeanFactory.doGetBean(AbstractBeanFactory.java:300)
	at org.springframework.beans.factory.support.AbstractBeanFactory.getBean(AbstractBeanFactory.java:195)
	at org.springframework.beans.factory.support.DefaultListableBeanFactory.findAutowireCandidates(DefaultListableBeanFactory.java:1017)
	at org.springframework.beans.factory.support.DefaultListableBeanFactory.doResolveDependency(DefaultListableBeanFactory.java:960)
	at org.springframework.beans.factory.support.DefaultListableBeanFactory.resolveDependency(DefaultListableBeanFactory.java:858)
	at org.springframework.beans.factory.annotation.AutowiredAnnotationBeanPostProcessor$AutowiredFieldElement.inject(AutowiredAnnotationBeanPostProcessor.java:480)
	at org.springframework.beans.factory.annotation.InjectionMetadata.inject(InjectionMetadata.java:87)
	at org.springframework.beans.factory.annotation.AutowiredAnnotationBeanPostProcessor.postProcessPropertyValues(AutowiredAnnotationBeanPostProcessor.java:289)
	at org.springframework.beans.factory.support.AbstractAutowireCapableBeanFactory.populateBean(AbstractAutowireCapableBeanFactory.java:1185)
	at org.springframework.beans.factory.support.AbstractAutowireCapableBeanFactory.doCreateBean(AbstractAutowireCapableBeanFactory.java:537)
	at org.springframework.beans.factory.support.AbstractAutowireCapableBeanFactory.createBean(AbstractAutowireCapableBeanFactory.java:475)
	at org.springframework.beans.factory.support.AbstractBeanFactory$1.getObject(AbstractBeanFactory.java:304)
	at org.springframework.beans.factory.support.DefaultSingletonBeanRegistry.getSingleton(DefaultSingletonBeanRegistry.java:228)
	at org.springframework.beans.factory.support.AbstractBeanFactory.doGetBean(AbstractBeanFactory.java:300)
	at org.springframework.beans.factory.support.AbstractBeanFactory.getBean(AbstractBeanFactory.java:195)
[...]
	at org.springframework.beans.factory.annotation.InjectionMetadata.inject(InjectionMetadata.java:87)
	at org.springframework.beans.factory.annotation.AutowiredAnnotationBeanPostProcessor.postProcessPropertyValues(AutowiredAnnotationBeanPostProcessor.java:289)
	at org.springframework.beans.factory.support.AbstractAutowireCapableBeanFactory.populateBean(AbstractAutowireCapableBeanFactory.java:1185)
	at org.springframework.beans.factory.support.AbstractAutowireCapableBeanFactory.doCreateBean(AbstractAutowireCapableBeanFactory.java:537)
	at org.springframework.beans.factory.support.AbstractAutowireCapableBeanFactory.createBean(AbstractAutowireCapableBeanFactory.java:475)
	at org.springframework.beans.factory.support.AbstractBeanFactory$1.getObject(AbstractBeanFactory.java:304)
	at org.springframework.beans.factory.support.DefaultSingletonBeanRegistry.getSingleton(DefaultSingletonBeanRegistry.java:228)
	at org.springframework.beans.factory.support.AbstractBeanFactory.doGetBean(AbstractBeanFactory.java:300)
	at org.springframework.beans.factory.support.AbstractBeanFactory.getBean(AbstractBeanFactory.java:195)
	at org.springframework.beans.factory.support.DefaultListableBeanFactory.findAutowireCandidates(DefaultListableBeanFactory.java:1017)
	at org.springframework.beans.factory.support.DefaultListableBeanFactory.doResolveDependency(DefaultListableBeanFactory.java:960)
	at org.springframework.beans.factory.support.DefaultListableBeanFactory.resolveDependency(DefaultListableBeanFactory.java:858)
	at org.springframework.beans.factory.annotation.AutowiredAnnotationBeanPostProcessor$AutowiredFieldElement.inject(AutowiredAnnotationBeanPostProcessor.java:480)
	at org.springframework.beans.factory.annotation.InjectionMetadata.inject(InjectionMetadata.java:87)
	at org.springframework.beans.factory.annotation.AutowiredAnnotationBeanPostProcessor.postProcessPropertyValues(AutowiredAnnotationBeanPostProcessor.java:289)
	at org.springframework.beans.factory.support.AbstractAutowireCapableBeanFactory.populateBean(AbstractAutowireCapableBeanFactory.java:1185)
	at org.springframework.beans.factory.support.AbstractAutowireCapableBeanFactory.doCreateBean(AbstractAutowireCapableBeanFactory.java:537)
	at org.springframework.beans.factory.support.AbstractAutowireCapableBeanFactory.createBean(AbstractAutowireCapableBeanFactory.java:475)
	at org.springframework.beans.factory.support.AbstractBeanFactory$1.getObject(AbstractBeanFactory.java:304)
	at org.springframework.beans.factory.support.DefaultSingletonBeanRegistry.getSingleton(DefaultSingletonBeanRegistry.java:228)
	at org.springframework.beans.factory.support.AbstractBeanFactory.doGetBean(AbstractBeanFactory.java:300)
	at org.springframework.beans.factory.support.AbstractBeanFactory.getBean(AbstractBeanFactory.java:195)
	at org.springframework.beans.factory.support.DefaultListableBeanFactory.preInstantiateSingletons(DefaultListableBeanFactory.java:703)
	at org.springframework.context.support.AbstractApplicationContext.finishBeanFactoryInitialization(AbstractApplicationContext.java:760)
	at org.springframework.context.support.AbstractApplicationContext.refresh(AbstractApplicationContext.java:482)
	at org.springframework.test.context.support.AbstractGenericContextLoader.loadContext(AbstractGenericContextLoader.java:125)
	at org.springframework.test.context.support.AbstractGenericContextLoader.loadContext(AbstractGenericContextLoader.java:60)
	at org.springframework.test.context.support.AbstractDelegatingSmartContextLoader.delegateLoading(AbstractDelegatingSmartContextLoader.java:100)
	at org.springframework.test.context.support.AbstractDelegatingSmartContextLoader.loadContext(AbstractDelegatingSmartContextLoader.java:250)
	at org.springframework.test.context.CacheAwareContextLoaderDelegate.loadContextInternal(CacheAwareContextLoaderDelegate.java:64)
	at org.springframework.test.context.CacheAwareContextLoaderDelegate.loadContext(CacheAwareContextLoaderDelegate.java:91)
	at org.springframework.test.context.DefaultTestContext.getApplicationContext(DefaultTestContext.java:101)
	at org.springframework.test.context.support.DependencyInjectionTestExecutionListener.injectDependencies(DependencyInjectionTestExecutionListener.java:109)
	at org.springframework.test.context.support.DependencyInjectionTestExecutionListener.prepareTestInstance(DependencyInjectionTestExecutionListener.java:75)
	at org.springframework.test.context.TestContextManager.prepareTestInstance(TestContextManager.java:324)
	at org.springframework.test.context.junit4.SpringJUnit4ClassRunner.createTest(SpringJUnit4ClassRunner.java:213)
	at org.springframework.test.context.junit4.SpringJUnit4ClassRunner$1.runReflectiveCall(SpringJUnit4ClassRunner.java:290)
	at org.junit.internal.runners.model.ReflectiveCallable.run(ReflectiveCallable.java:15)
	at org.springframework.test.context.junit4.SpringJUnit4ClassRunner.methodBlock(SpringJUnit4ClassRunner.java:292)
	at org.springframework.test.context.junit4.SpringJUnit4ClassRunner.runChild(SpringJUnit4ClassRunner.java:233)
	at org.springframework.test.context.junit4.SpringJUnit4ClassRunner.runChild(SpringJUnit4ClassRunner.java:87)
	at org.junit.runners.ParentRunner$3.run(ParentRunner.java:231)
	at org.junit.runners.ParentRunner$1.schedule(ParentRunner.java:60)
	at org.junit.runners.ParentRunner.runChildren(ParentRunner.java:229)
	at org.junit.runners.ParentRunner.access$000(ParentRunner.java:50)
	at org.junit.runners.ParentRunner$2.evaluate(ParentRunner.java:222)
	at org.springframework.test.context.junit4.statements.RunBeforeTestClassCallbacks.evaluate(RunBeforeTestClassCallbacks.java:61)
	at org.springframework.test.context.junit4.statements.RunAfterTestClassCallbacks.evaluate(RunAfterTestClassCallbacks.java:71)
	at org.junit.runners.ParentRunner.run(ParentRunner.java:300)
	at org.springframework.test.context.junit4.SpringJUnit4ClassRunner.run(SpringJUnit4ClassRunner.java:176)
	at org.apache.maven.surefire.junit4.JUnit4Provider.execute(JUnit4Provider.java:252)
	at org.apache.maven.surefire.junit4.JUnit4Provider.executeTestSet(JUnit4Provider.java:141)
	at org.apache.maven.surefire.junit4.JUnit4Provider.invoke(JUnit4Provider.java:112)
	at sun.reflect.NativeMethodAccessorImpl.invoke0(Native Method)
	at sun.reflect.NativeMethodAccessorImpl.invoke(NativeMethodAccessorImpl.java:62)
	at sun.reflect.DelegatingMethodAccessorImpl.invoke(DelegatingMethodAccessorImpl.java:43)
	at java.lang.reflect.Method.invoke(Method.java:498)
	at org.apache.maven.surefire.util.ReflectionUtils.invokeMethodWithArray(ReflectionUtils.java:189)
	at org.apache.maven.surefire.booter.ProviderFactory$ProviderProxy.invoke(ProviderFactory.java:165)
	at org.apache.maven.surefire.booter.ProviderFactory.invokeProvider(ProviderFactory.java:85)
	at org.apache.maven.surefire.booter.ForkedBooter.runSuitesInProcess(ForkedBooter.java:115)
	at org.apache.maven.surefire.booter.ForkedBooter.main(ForkedBooter.java:75)
Caused by: org.postgresql.util.PSQLException: Connection refused. Check that the hostname and port are correct and that the postmaster is accepting TCP/IP connections.
	at org.postgresql.core.v3.ConnectionFactoryImpl.openConnectionImpl(ConnectionFactoryImpl.java:136)
	at org.postgresql.core.ConnectionFactory.openConnection(ConnectionFactory.java:66)
	at org.postgresql.jdbc2.AbstractJdbc2Connection.&lt;init&gt;(AbstractJdbc2Connection.java:125)
	at org.postgresql.jdbc3.AbstractJdbc3Connection.&lt;init&gt;(AbstractJdbc3Connection.java:30)
	at org.postgresql.jdbc3g.AbstractJdbc3gConnection.&lt;init&gt;(AbstractJdbc3gConnection.java:22)
	at org.postgresql.jdbc4.AbstractJdbc4Connection.&lt;init&gt;(AbstractJdbc4Connection.java:30)
	at org.postgresql.jdbc4.Jdbc4Connection.&lt;init&gt;(Jdbc4Connection.java:24)
	at org.postgresql.Driver.makeConnection(Driver.java:393)
	at org.postgresql.Driver.connect(Driver.java:267)
	at java.sql.DriverManager.getConnection(DriverManager.java:664)
	at java.sql.DriverManager.getConnection(DriverManager.java:247)
	at com.jolbox.bonecp.BoneCP.obtainRawInternalConnection(BoneCP.java:363)
	at com.jolbox.bonecp.BoneCP.&lt;init&gt;(BoneCP.java:416)
	... 97 more
Caused by: java.net.ConnectException: Connection refused: connect
	at java.net.DualStackPlainSocketImpl.connect0(Native Method)
	at java.net.DualStackPlainSocketImpl.socketConnect(DualStackPlainSocketImpl.java:75)
	at java.net.AbstractPlainSocketImpl.doConnect(AbstractPlainSocketImpl.java:476)
	at java.net.AbstractPlainSocketImpl.connectToAddress(AbstractPlainSocketImpl.java:218)
	at java.net.AbstractPlainSocketImpl.connect(AbstractPlainSocketImpl.java:200)
	at java.net.PlainSocketImpl.connect(PlainSocketImpl.java:162)
	at java.net.SocksSocketImpl.connect(SocksSocketImpl.java:394)
	at java.net.Socket.connect(Socket.java:606)
	at java.net.Socket.connect(Socket.java:555)
	at java.net.Socket.&lt;init&gt;(Socket.java:451)
	at java.net.Socket.&lt;init&gt;(Socket.java:228)
	at org.postgresql.core.PGStream.&lt;init&gt;(PGStream.java:62)
	at org.postgresql.core.v3.ConnectionFactoryImpl.openConnectionImpl(ConnectionFactoryImpl.java:76)
	... 109 more
09:44:42,817 [DEBUG] NamedQueryRepository:155 - Checking 0 named HQL queries
09:44:42,817 [DEBUG] NamedQueryRepository:171 - Checking 0 named SQL queries
09:44:42,827 [DEBUG] StatisticsInitiator:110 - Statistics initialized [enabled=false]
09:44:42,857 [ INFO] RequestMappingHandlerMapping:197 - Mapped &quot;{[],methods=[],params=[],headers=[],consumes=[],produces=[],custom=[]}&quot; onto public java.lang.Object rugal.sample.controller.ExceptionAction.PathNotFoundHandler(javax.servlet.http.HttpServletRequest) throws org.springframework.web.servlet.mvc.multiaction.NoSuchRequestHandlingMethodException
09:44:42,857 [ INFO] RequestMappingHandlerMapping:197 - Mapped &quot;{[/student],methods=[POST],params=[],headers=[],consumes=[],produces=[],custom=[]}&quot; onto public rugal.sample.common.Message rugal.sample.controller.StudentAction.registerStudent(rugal.sample.core.entity.Student)
09:44:42,857 [ INFO] RequestMappingHandlerMapping:197 - Mapped &quot;{[/student/{id}],methods=[PUT],params=[],headers=[],consumes=[],produces=[],custom=[]}&quot; onto public rugal.sample.common.Message rugal.sample.controller.StudentAction.updateStudentProfile(java.lang.Integer,rugal.sample.core.entity.Student)
09:44:42,857 [ INFO] RequestMappingHandlerMapping:197 - Mapped &quot;{[/student/{id}],methods=[GET],params=[],headers=[],consumes=[],produces=[],custom=[]}&quot; onto public rugal.sample.common.Message rugal.sample.controller.StudentAction.retrieve(java.lang.Integer)
09:44:42,857 [ INFO] RequestMappingHandlerMapping:197 - Mapped &quot;{[/student/{id}],methods=[DELETE],params=[],headers=[],consumes=[],produces=[],custom=[]}&quot; onto public rugal.sample.common.Message rugal.sample.controller.StudentAction.deregister(java.lang.Integer)
09:44:42,888 [DEBUG] SessionFactoryImpl:1339 - HHH000031: Closing
09:44:42,889 [DEBUG] BootstrapServiceRegistryImpl:308 - Implicitly destroying Boot-strap registry on de-registration of all child ServiceRegistries
09:44:42,889 [DEBUG] AbstractServiceRegistryImpl:406 - Implicitly destroying ServiceRegistry on de-registration of all child ServiceRegistries
09:44:42,890 [ERROR] TestContextManager:327 - Caught exception while allowing TestExecutionListener [org.springframework.test.context.support.DependencyInjectionTestExecutionListener@3f4b840d] to prepare test instance [rugal.sample.core.dao.impl.StudentDaoImplTest@31464a43]
java.lang.IllegalStateException: Failed to load ApplicationContext
	at org.springframework.test.context.CacheAwareContextLoaderDelegate.loadContext(CacheAwareContextLoaderDelegate.java:99)
	at org.springframework.test.context.DefaultTestContext.getApplicationContext(DefaultTestContext.java:101)
	at org.springframework.test.context.support.DependencyInjectionTestExecutionListener.injectDependencies(DependencyInjectionTestExecutionListener.java:109)
	at org.springframework.test.context.support.DependencyInjectionTestExecutionListener.prepareTestInstance(DependencyInjectionTestExecutionListener.java:75)
	at org.springframework.test.context.TestContextManager.prepareTestInstance(TestContextManager.java:324)
	at org.springframework.test.context.junit4.SpringJUnit4ClassRunner.createTest(SpringJUnit4ClassRunner.java:213)
	at org.springframework.test.context.junit4.SpringJUnit4ClassRunner$1.runReflectiveCall(SpringJUnit4ClassRunner.java:290)
	at org.junit.internal.runners.model.ReflectiveCallable.run(ReflectiveCallable.java:15)
	at org.springframework.test.context.junit4.SpringJUnit4ClassRunner.methodBlock(SpringJUnit4ClassRunner.java:292)
	at org.springframework.test.context.junit4.SpringJUnit4ClassRunner.runChild(SpringJUnit4ClassRunner.java:233)
	at org.springframework.test.context.junit4.SpringJUnit4ClassRunner.runChild(SpringJUnit4ClassRunner.java:87)
	at org.junit.runners.ParentRunner$3.run(ParentRunner.java:231)
	at org.junit.runners.ParentRunner$1.schedule(ParentRunner.java:60)
	at org.junit.runners.ParentRunner.runChildren(ParentRunner.java:229)
	at org.junit.runners.ParentRunner.access$000(ParentRunner.java:50)
	at org.junit.runners.ParentRunner$2.evaluate(ParentRunner.java:222)
	at org.springframework.test.context.junit4.statements.RunBeforeTestClassCallbacks.evaluate(RunBeforeTestClassCallbacks.java:61)
	at org.springframework.test.context.junit4.statements.RunAfterTestClassCallbacks.evaluate(RunAfterTestClassCallbacks.java:71)
	at org.junit.runners.ParentRunner.run(ParentRunner.java:300)
	at org.springframework.test.context.junit4.SpringJUnit4ClassRunner.run(SpringJUnit4ClassRunner.java:176)
	at org.apache.maven.surefire.junit4.JUnit4Provider.execute(JUnit4Provider.java:252)
	at org.apache.maven.surefire.junit4.JUnit4Provider.executeTestSet(JUnit4Provider.java:141)
	at org.apache.maven.surefire.junit4.JUnit4Provider.invoke(JUnit4Provider.java:112)
	at sun.reflect.NativeMethodAccessorImpl.invoke0(Native Method)
	at sun.reflect.NativeMethodAccessorImpl.invoke(NativeMethodAccessorImpl.java:62)
	at sun.reflect.DelegatingMethodAccessorImpl.invoke(DelegatingMethodAccessorImpl.java:43)
	at java.lang.reflect.Method.invoke(Method.java:498)
	at org.apache.maven.surefire.util.ReflectionUtils.invokeMethodWithArray(ReflectionUtils.java:189)
	at org.apache.maven.surefire.booter.ProviderFactory$ProviderProxy.invoke(ProviderFactory.java:165)
	at org.apache.maven.surefire.booter.ProviderFactory.invokeProvider(ProviderFactory.java:85)
	at org.apache.maven.surefire.booter.ForkedBooter.runSuitesInProcess(ForkedBooter.java:115)
	at org.apache.maven.surefire.booter.ForkedBooter.main(ForkedBooter.java:75)
Caused by: org.springframework.beans.factory.BeanCreationException: Error creating bean with name &apos;defaultServletHandlerMapping&apos; defined in class path resource [org/springframework/web/servlet/config/annotation/DelegatingWebMvcConfiguration.class]: Instantiation of bean failed; nested exception is org.springframework.beans.factory.BeanDefinitionStoreException: Factory method [public org.springframework.web.servlet.HandlerMapping org.springframework.web.servlet.config.annotation.WebMvcConfigurationSupport.defaultServletHandlerMapping()] threw exception; nested exception is java.lang.IllegalArgumentException: A ServletContext is required to configure default servlet handling
	at org.springframework.beans.factory.support.ConstructorResolver.instantiateUsingFactoryMethod(ConstructorResolver.java:597)
	at org.springframework.beans.factory.support.AbstractAutowireCapableBeanFactory.instantiateUsingFactoryMethod(AbstractAutowireCapableBeanFactory.java:1094)
	at org.springframework.beans.factory.support.AbstractAutowireCapableBeanFactory.createBeanInstance(AbstractAutowireCapableBeanFactory.java:989)
	at org.springframework.beans.factory.support.AbstractAutowireCapableBeanFactory.doCreateBean(AbstractAutowireCapableBeanFactory.java:504)
	at org.springframework.beans.factory.support.AbstractAutowireCapableBeanFactory.createBean(AbstractAutowireCapableBeanFactory.java:475)
	at org.springframework.beans.factory.support.AbstractBeanFactory$1.getObject(AbstractBeanFactory.java:304)
	at org.springframework.beans.factory.support.DefaultSingletonBeanRegistry.getSingleton(DefaultSingletonBeanRegistry.java:228)
	at org.springframework.beans.factory.support.AbstractBeanFactory.doGetBean(AbstractBeanFactory.java:300)
	at org.springframework.beans.factory.support.AbstractBeanFactory.getBean(AbstractBeanFactory.java:195)
	at org.springframework.beans.factory.support.DefaultListableBeanFactory.preInstantiateSingletons(DefaultListableBeanFactory.java:703)
	at org.springframework.context.support.AbstractApplicationContext.finishBeanFactoryInitialization(AbstractApplicationContext.java:760)
	at org.springframework.context.support.AbstractApplicationContext.refresh(AbstractApplicationContext.java:482)
	at org.springframework.test.context.support.AbstractGenericContextLoader.loadContext(AbstractGenericContextLoader.java:125)
	at org.springframework.test.context.support.AbstractGenericContextLoader.loadContext(AbstractGenericContextLoader.java:60)
	at org.springframework.test.context.support.AbstractDelegatingSmartContextLoader.delegateLoading(AbstractDelegatingSmartContextLoader.java:100)
	at org.springframework.test.context.support.AbstractDelegatingSmartContextLoader.loadContext(AbstractDelegatingSmartContextLoader.java:250)
	at org.springframework.test.context.CacheAwareContextLoaderDelegate.loadContextInternal(CacheAwareContextLoaderDelegate.java:64)
	at org.springframework.test.context.CacheAwareContextLoaderDelegate.loadContext(CacheAwareContextLoaderDelegate.java:91)
	... 31 more
Caused by: org.springframework.beans.factory.BeanDefinitionStoreException: Factory method [public org.springframework.web.servlet.HandlerMapping org.springframework.web.servlet.config.annotation.WebMvcConfigurationSupport.defaultServletHandlerMapping()] threw exception; nested exception is java.lang.IllegalArgumentException: A ServletContext is required to configure default servlet handling
	at org.springframework.beans.factory.support.SimpleInstantiationStrategy.instantiate(SimpleInstantiationStrategy.java:188)
	at org.springframework.beans.factory.support.ConstructorResolver.instantiateUsingFactoryMethod(ConstructorResolver.java:586)
	... 48 more
Caused by: java.lang.IllegalArgumentException: A ServletContext is required to configure default servlet handling
	at org.springframework.util.Assert.notNull(Assert.java:112)
	at org.springframework.web.servlet.config.annotation.DefaultServletHandlerConfigurer.&lt;init&gt;(DefaultServletHandlerConfigurer.java:54)
	at org.springframework.web.servlet.config.annotation.WebMvcConfigurationSupport.defaultServletHandlerMapping(WebMvcConfigurationSupport.java:346)
	at org.springframework.web.servlet.config.annotation.DelegatingWebMvcConfiguration$$EnhancerBySpringCGLIB$$905b7dea.CGLIB$defaultServletHandlerMapping$21(&lt;generated&gt;)
	at org.springframework.web.servlet.config.annotation.DelegatingWebMvcConfiguration$$EnhancerBySpringCGLIB$$905b7dea$$FastClassBySpringCGLIB$$12aa9435.invoke(&lt;generated&gt;)
	at org.springframework.cglib.proxy.MethodProxy.invokeSuper(MethodProxy.java:228)
	at org.springframework.context.annotation.ConfigurationClassEnhancer$BeanMethodInterceptor.intercept(ConfigurationClassEnhancer.java:312)
	at org.springframework.web.servlet.config.annotation.DelegatingWebMvcConfiguration$$EnhancerBySpringCGLIB$$905b7dea.defaultServletHandlerMapping(&lt;generated&gt;)
	at sun.reflect.NativeMethodAccessorImpl.invoke0(Native Method)
	at sun.reflect.NativeMethodAccessorImpl.invoke(NativeMethodAccessorImpl.java:62)
	at sun.reflect.DelegatingMethodAccessorImpl.invoke(DelegatingMethodAccessorImpl.java:43)
	at java.lang.reflect.Method.invoke(Method.java:498)
	at org.springframework.beans.factory.support.SimpleInstantiationStrategy.instantiate(SimpleInstantiationStrategy.java:166)
	... 49 more
</system-out>
  </testcase>
</testsuite>